2025-09-15T02:26:23.279Z error: [apps/match_service/src/configs/database.config.ts:38] Error connecting database: SequelizeDatabaseError: syntax error at or near "REFERENCES" 
2025-09-15T02:28:18.694Z error: [apps/match_service/src/configs/database.config.ts:38] Error connecting database: SequelizeDatabaseError: syntax error at or near "REFERENCES" 
2025-09-15T02:45:26.660Z error: [apps/match_service/src/configs/database.config.ts:38] Error connecting database: SequelizeDatabaseError: syntax error at or near "REFERENCES" 
2025-09-15T02:45:48.011Z error: [apps/match_service/src/configs/database.config.ts:38] Error connecting database: SequelizeDatabaseError: syntax error at or near "REFERENCES" 
2025-09-15T02:47:36.074Z error: [apps/match_service/src/configs/database.config.ts:38] Error connecting database: SequelizeDatabaseError: syntax error at or near "REFERENCES" 
2025-09-15T02:47:42.057Z error: [apps/match_service/src/configs/database.config.ts:38] Error connecting database: SequelizeDatabaseError: syntax error at or near "REFERENCES" 
2025-09-15T02:50:37.050Z error: [apps/match_service/src/configs/database.config.ts:38] Error connecting database: SequelizeDatabaseError: syntax error at or near "REFERENCES" 
2025-09-15T02:55:37.154Z error: [apps/match_service/src/configs/database.config.ts:38] Error connecting database: SequelizeDatabaseError: syntax error at or near "REFERENCES" 
2025-09-15T02:55:54.857Z error: [apps/match_service/src/configs/database.config.ts:38] Error connecting database: SequelizeDatabaseError: syntax error at or near "REFERENCES" 
2025-09-15T03:03:13.968Z error: [apps/match_service/src/configs/database.config.ts:38] Error connecting database: SequelizeDatabaseError: syntax error at or near "REFERENCES" 
2025-09-15T03:07:33.114Z error: [apps/match_service/src/configs/database.config.ts:38] Error connecting database: SequelizeDatabaseError: syntax error at or near "REFERENCES" 
2025-09-15T03:09:27.120Z error: [apps/match_service/src/repositories/match.repository.ts:166] match.repository.updateMatch DB error: Cannot read properties of null (reading 'update')
2025-09-15T03:09:28.300Z error: [apps/match_service/src/repositories/match.repository.ts:166] match.repository.updateMatch DB error: Cannot read properties of null (reading 'update')
2025-09-15T03:09:55.321Z error: [apps/match_service/src/configs/database.config.ts:38] Error connecting database: SequelizeDatabaseError: syntax error at or near "REFERENCES" 
2025-09-15T03:10:21.356Z error: [apps/match_service/src/configs/database.config.ts:38] Error connecting database: SequelizeDatabaseError: syntax error at or near "REFERENCES" 
2025-09-15T03:10:57.195Z error: [apps/match_service/src/repositories/match.repository.ts:166] match.repository.updateMatch DB error: Cannot read properties of null (reading 'update')
2025-09-15T03:11:12.510Z error: [apps/match_service/src/configs/database.config.ts:38] Error connecting database: SequelizeDatabaseError: syntax error at or near "REFERENCES" 
2025-09-15T03:28:00.045Z error: [apps/match_service/src/utils/jobs/match.ts:49] [MATCH-CRON] Error in auth api getaddrinfo ENOTFOUND api.sports.roanuz.com
2025-09-15T03:28:06.621Z error: [apps/match_service/src/configs/redis.config.ts:24] Error: read EADDRNOTAVAIL
2025-09-15T03:28:06.622Z error: [apps/match_service/src/configs/redis.config.ts:65] read EADDRNOTAVAIL
2025-09-15T03:28:06.625Z error: [apps/match_service/src/configs/redis.config.ts:24] Error: getaddrinfo ENOTFOUND redis-11570.c212.ap-south-1-1.ec2.redns.redis-cloud.com
2025-09-15T03:28:06.626Z error: [apps/match_service/src/utils/jobs/match.ts:84] [MATCH-CRON] Error in match data api getaddrinfo ENOTFOUND api.sports.roanuz.com
2025-09-15T03:28:06.874Z error: [apps/match_service/src/configs/redis.config.ts:24] Error: getaddrinfo ENOTFOUND redis-11570.c212.ap-south-1-1.ec2.redns.redis-cloud.com
2025-09-15T03:28:07.056Z error: [apps/match_service/src/configs/redis.config.ts:24] Error: getaddrinfo ENOTFOUND redis-11570.c212.ap-south-1-1.ec2.redns.redis-cloud.com
2025-09-15T03:28:07.293Z error: [apps/match_service/src/configs/redis.config.ts:24] Error: getaddrinfo ENOTFOUND redis-11570.c212.ap-south-1-1.ec2.redns.redis-cloud.com
2025-09-15T03:28:07.872Z error: [apps/match_service/src/configs/redis.config.ts:24] Error: getaddrinfo ENOTFOUND redis-11570.c212.ap-south-1-1.ec2.redns.redis-cloud.com
2025-09-15T03:28:08.693Z error: [apps/match_service/src/configs/redis.config.ts:24] Error: getaddrinfo ENOTFOUND redis-11570.c212.ap-south-1-1.ec2.redns.redis-cloud.com
2025-09-15T03:28:10.373Z error: [apps/match_service/src/configs/redis.config.ts:24] Error: getaddrinfo ENOTFOUND redis-11570.c212.ap-south-1-1.ec2.redns.redis-cloud.com
2025-09-15T03:36:05.863Z error: [apps/match_service/src/configs/redis.config.ts:24] Error: getaddrinfo ENOTFOUND redis-11570.c212.ap-south-1-1.ec2.redns.redis-cloud.com
2025-09-15T03:36:07.984Z error: [apps/match_service/src/configs/redis.config.ts:24] Error: getaddrinfo ENOTFOUND redis-11570.c212.ap-south-1-1.ec2.redns.redis-cloud.com
2025-09-15T03:36:10.070Z error: [apps/match_service/src/configs/redis.config.ts:24] Error: getaddrinfo ENOTFOUND redis-11570.c212.ap-south-1-1.ec2.redns.redis-cloud.com
2025-09-15T03:36:12.227Z error: [apps/match_service/src/configs/redis.config.ts:24] Error: getaddrinfo ENOTFOUND redis-11570.c212.ap-south-1-1.ec2.redns.redis-cloud.com
2025-09-15T03:36:28.646Z error: [apps/match_service/src/configs/redis.config.ts:24] Error: getaddrinfo ENOTFOUND redis-11570.c212.ap-south-1-1.ec2.redns.redis-cloud.com
2025-09-15T03:36:30.783Z error: [apps/match_service/src/configs/redis.config.ts:24] Error: getaddrinfo ENOTFOUND redis-11570.c212.ap-south-1-1.ec2.redns.redis-cloud.com
2025-09-15T03:36:32.890Z error: [apps/match_service/src/configs/redis.config.ts:24] Error: getaddrinfo ENOTFOUND redis-11570.c212.ap-south-1-1.ec2.redns.redis-cloud.com
2025-09-15T03:36:34.986Z error: [apps/match_service/src/configs/redis.config.ts:24] Error: getaddrinfo ENOTFOUND redis-11570.c212.ap-south-1-1.ec2.redns.redis-cloud.com
2025-09-15T03:36:37.087Z error: [apps/match_service/src/configs/redis.config.ts:24] Error: getaddrinfo ENOTFOUND redis-11570.c212.ap-south-1-1.ec2.redns.redis-cloud.com
2025-09-15T03:42:44.206Z error: [apps/match_service/src/configs/redis.config.ts:24] Error: getaddrinfo ENOTFOUND redis-11570.c212.ap-south-1-1.ec2.redns.redis-cloud.com
2025-09-15T03:42:46.216Z error: [apps/match_service/src/configs/redis.config.ts:24] Error: getaddrinfo ENOTFOUND redis-11570.c212.ap-south-1-1.ec2.redns.redis-cloud.com
2025-09-15T03:42:48.293Z error: [apps/match_service/src/configs/redis.config.ts:24] Error: getaddrinfo ENOTFOUND redis-11570.c212.ap-south-1-1.ec2.redns.redis-cloud.com
2025-09-15T03:42:50.339Z error: [apps/match_service/src/configs/redis.config.ts:24] Error: getaddrinfo ENOTFOUND redis-11570.c212.ap-south-1-1.ec2.redns.redis-cloud.com
2025-09-15T03:42:57.349Z error: [apps/match_service/src/configs/redis.config.ts:24] Error: getaddrinfo ENOTFOUND redis-11570.c212.ap-south-1-1.ec2.redns.redis-cloud.com
2025-09-15T03:42:59.374Z error: [apps/match_service/src/configs/redis.config.ts:24] Error: getaddrinfo ENOTFOUND redis-11570.c212.ap-south-1-1.ec2.redns.redis-cloud.com
2025-09-15T03:43:00.010Z error: [apps/match_service/src/utils/jobs/match.ts:49] [MATCH-CRON] Error in auth api getaddrinfo ENOTFOUND api.sports.roanuz.com
2025-09-15T03:43:01.469Z error: [apps/match_service/src/configs/redis.config.ts:24] Error: getaddrinfo ENOTFOUND redis-11570.c212.ap-south-1-1.ec2.redns.redis-cloud.com
2025-09-15T03:43:03.488Z error: [apps/match_service/src/configs/redis.config.ts:24] Error: getaddrinfo ENOTFOUND redis-11570.c212.ap-south-1-1.ec2.redns.redis-cloud.com
2025-09-15T03:43:47.172Z error: [apps/match_service/src/configs/redis.config.ts:24] Error: getaddrinfo ENOTFOUND redis-11570.c212.ap-south-1-1.ec2.redns.redis-cloud.com
2025-09-15T03:43:49.373Z error: [apps/match_service/src/configs/redis.config.ts:24] Error: getaddrinfo ENOTFOUND redis-11570.c212.ap-south-1-1.ec2.redns.redis-cloud.com
2025-09-15T03:43:51.563Z error: [apps/match_service/src/configs/redis.config.ts:24] Error: getaddrinfo ENOTFOUND redis-11570.c212.ap-south-1-1.ec2.redns.redis-cloud.com
2025-09-15T03:43:53.651Z error: [apps/match_service/src/configs/redis.config.ts:24] Error: getaddrinfo ENOTFOUND redis-11570.c212.ap-south-1-1.ec2.redns.redis-cloud.com
2025-09-15T03:44:43.358Z error: [apps/match_service/src/configs/redis.config.ts:24] Error: getaddrinfo ENOTFOUND redis-11570.c212.ap-south-1-1.ec2.redns.redis-cloud.com
2025-09-15T03:44:45.491Z error: [apps/match_service/src/configs/redis.config.ts:24] Error: getaddrinfo ENOTFOUND redis-11570.c212.ap-south-1-1.ec2.redns.redis-cloud.com
2025-09-15T03:44:47.583Z error: [apps/match_service/src/configs/redis.config.ts:24] Error: getaddrinfo ENOTFOUND redis-11570.c212.ap-south-1-1.ec2.redns.redis-cloud.com
2025-09-15T03:44:49.766Z error: [apps/match_service/src/configs/redis.config.ts:24] Error: getaddrinfo ENOTFOUND redis-11570.c212.ap-south-1-1.ec2.redns.redis-cloud.com
2025-09-15T03:54:33.909Z error: [apps/match_service/src/configs/redis.config.ts:24] Error: getaddrinfo ENOTFOUND redis-11570.c212.ap-south-1-1.ec2.redns.redis-cloud.com
2025-09-15T03:54:36.071Z error: [apps/match_service/src/configs/redis.config.ts:24] Error: getaddrinfo ENOTFOUND redis-11570.c212.ap-south-1-1.ec2.redns.redis-cloud.com
2025-09-15T03:54:38.169Z error: [apps/match_service/src/configs/redis.config.ts:24] Error: getaddrinfo ENOTFOUND redis-11570.c212.ap-south-1-1.ec2.redns.redis-cloud.com
2025-09-15T03:54:40.234Z error: [apps/match_service/src/configs/redis.config.ts:24] Error: getaddrinfo ENOTFOUND redis-11570.c212.ap-south-1-1.ec2.redns.redis-cloud.com
2025-09-15T03:54:42.396Z error: [apps/match_service/src/configs/redis.config.ts:24] Error: getaddrinfo ENOTFOUND redis-11570.c212.ap-south-1-1.ec2.redns.redis-cloud.com
2025-09-15T03:54:44.523Z error: [apps/match_service/src/configs/redis.config.ts:24] Error: getaddrinfo ENOTFOUND redis-11570.c212.ap-south-1-1.ec2.redns.redis-cloud.com
2025-09-15T03:54:46.561Z error: [apps/match_service/src/configs/redis.config.ts:24] Error: getaddrinfo ENOTFOUND redis-11570.c212.ap-south-1-1.ec2.redns.redis-cloud.com
2025-09-15T03:55:06.273Z error: [apps/match_service/src/configs/redis.config.ts:24] Error: getaddrinfo ENOTFOUND redis-11570.c212.ap-south-1-1.ec2.redns.redis-cloud.com
2025-09-15T03:55:08.322Z error: [apps/match_service/src/configs/redis.config.ts:24] Error: getaddrinfo ENOTFOUND redis-11570.c212.ap-south-1-1.ec2.redns.redis-cloud.com
2025-09-15T03:55:10.499Z error: [apps/match_service/src/configs/redis.config.ts:24] Error: getaddrinfo ENOTFOUND redis-11570.c212.ap-south-1-1.ec2.redns.redis-cloud.com
2025-09-15T03:55:12.644Z error: [apps/match_service/src/configs/redis.config.ts:24] Error: getaddrinfo ENOTFOUND redis-11570.c212.ap-south-1-1.ec2.redns.redis-cloud.com
2025-09-15T04:07:58.662Z error: [apps/match_service/src/configs/redis.config.ts:24] Error: getaddrinfo ENOTFOUND redis-11570.c212.ap-south-1-1.ec2.redns.redis-cloud.com
2025-09-15T04:08:00.006Z error: [apps/match_service/src/utils/jobs/match.ts:49] [MATCH-CRON] Error in auth api getaddrinfo ENOTFOUND api.sports.roanuz.com
2025-09-15T04:08:00.734Z error: [apps/match_service/src/configs/redis.config.ts:24] Error: getaddrinfo ENOTFOUND redis-11570.c212.ap-south-1-1.ec2.redns.redis-cloud.com
2025-09-15T04:08:02.896Z error: [apps/match_service/src/configs/redis.config.ts:24] Error: getaddrinfo ENOTFOUND redis-11570.c212.ap-south-1-1.ec2.redns.redis-cloud.com
2025-09-15T04:08:05.327Z error: [apps/match_service/src/configs/redis.config.ts:24] Error: getaddrinfo ENOTFOUND redis-11570.c212.ap-south-1-1.ec2.redns.redis-cloud.com
2025-09-15T04:12:11.539Z error: [apps/match_service/src/configs/redis.config.ts:24] Error: read ETIMEDOUT
2025-09-15T04:13:58.920Z error: [apps/match_service/src/repositories/match.repository.ts:166] match.repository.updateMatch DB error: Cannot read properties of null (reading 'update')
2025-09-15T04:14:21.955Z error: [apps/match_service/src/repositories/match.repository.ts:166] match.repository.updateMatch DB error: Cannot read properties of null (reading 'update')
2025-09-15T04:16:43.485Z error: [apps/match_service/src/configs/database.config.ts:38] Error connecting database: SequelizeDatabaseError: syntax error at or near "REFERENCES" 
2025-09-15T04:17:27.537Z error: [apps/match_service/src/configs/database.config.ts:38] Error connecting database: SequelizeDatabaseError: syntax error at or near "REFERENCES" 
2025-09-15T04:20:05.345Z error: [apps/match_service/src/configs/database.config.ts:38] Error connecting database: SequelizeDatabaseError: syntax error at or near "REFERENCES" 
2025-09-15T04:20:19.143Z error: [apps/match_service/src/configs/database.config.ts:38] Error connecting database: SequelizeDatabaseError: syntax error at or near "REFERENCES" 
2025-09-15T04:25:17.437Z error: [apps/match_service/src/configs/database.config.ts:38] Error connecting database: SequelizeDatabaseError: syntax error at or near "REFERENCES" 
2025-09-15T04:25:28.343Z error: [apps/match_service/src/repositories/match.repository.ts:176] match.repository.updateMatch DB error: Cannot read properties of null (reading 'update')
2025-09-15T04:25:29.132Z error: [apps/match_service/src/repositories/match.repository.ts:176] match.repository.updateMatch DB error: Cannot read properties of null (reading 'update')
2025-09-15T04:28:05.203Z error: [apps/match_service/src/configs/database.config.ts:38] Error connecting database: SequelizeDatabaseError: syntax error at or near "REFERENCES" 
2025-09-15T04:28:14.834Z error: [apps/match_service/src/configs/database.config.ts:38] Error connecting database: SequelizeDatabaseError: syntax error at or near "REFERENCES" 
2025-09-15T04:28:18.910Z error: [apps/match_service/src/configs/database.config.ts:38] Error connecting database: SequelizeDatabaseError: syntax error at or near "REFERENCES" 
2025-09-15T04:33:54.064Z error: [apps/match_service/src/configs/database.config.ts:38] Error connecting database: SequelizeDatabaseError: syntax error at or near "REFERENCES" 
2025-09-15T04:40:28.056Z error: [apps/match_service/src/configs/database.config.ts:38] Error connecting database: SequelizeDatabaseError: syntax error at or near "REFERENCES" 
2025-09-15T04:40:33.225Z error: [apps/match_service/src/configs/database.config.ts:38] Error connecting database: SequelizeDatabaseError: syntax error at or near "REFERENCES" 
2025-09-15T04:41:40.426Z error: [apps/match_service/src/configs/database.config.ts:38] Error connecting database: SequelizeDatabaseError: syntax error at or near "REFERENCES" 
2025-09-15T04:42:44.534Z error: [apps/match_service/src/configs/database.config.ts:38] Error connecting database: SequelizeDatabaseError: syntax error at or near "REFERENCES" 
2025-09-15T04:44:05.020Z error: [apps/match_service/src/configs/database.config.ts:38] Error connecting database: SequelizeDatabaseError: syntax error at or near "REFERENCES" 
2025-09-15T04:44:36.578Z error: [apps/match_service/src/configs/database.config.ts:38] Error connecting database: SequelizeDatabaseError: syntax error at or near "REFERENCES" 
2025-09-15T04:45:34.402Z error: [apps/match_service/src/configs/database.config.ts:38] Error connecting database: SequelizeDatabaseError: syntax error at or near "REFERENCES" 
2025-09-15T04:46:27.416Z error: [apps/match_service/src/configs/database.config.ts:38] Error connecting database: SequelizeDatabaseError: syntax error at or near "REFERENCES" 
2025-09-15T04:46:43.908Z error: [apps/match_service/src/configs/database.config.ts:38] Error connecting database: SequelizeDatabaseError: syntax error at or near "REFERENCES" 
2025-09-15T04:47:22.439Z error: [apps/match_service/src/configs/database.config.ts:38] Error connecting database: SequelizeDatabaseError: syntax error at or near "REFERENCES" 
2025-09-15T04:47:32.634Z error: [apps/match_service/src/configs/database.config.ts:38] Error connecting database: SequelizeDatabaseError: syntax error at or near "REFERENCES" 
2025-09-15T07:16:16.558Z error: [apps/match_service/src/configs/redis.config.ts:24] Error: read ETIMEDOUT
2025-09-15T07:16:21.572Z error: [apps/match_service/src/configs/redis.config.ts:24] Error: Connection timeout
2025-09-15T07:16:26.751Z error: [apps/match_service/src/configs/redis.config.ts:24] Error: Connection timeout
2025-09-15T07:16:29.252Z error: [apps/match_service/src/configs/redis.config.ts:24] Error: getaddrinfo ENOTFOUND redis-11570.c212.ap-south-1-1.ec2.redns.redis-cloud.com
2025-09-15T07:16:29.506Z error: [apps/match_service/src/configs/redis.config.ts:24] Error: getaddrinfo ENOTFOUND redis-11570.c212.ap-south-1-1.ec2.redns.redis-cloud.com
2025-09-15T07:35:39.093Z error: [apps/match_service/src/configs/database.config.ts:38] Error connecting database: SequelizeDatabaseError: syntax error at or near "REFERENCES" 
2025-09-15T07:35:40.258Z error: [apps/match_service/src/configs/database.config.ts:38] Error connecting database: SequelizeDatabaseError: syntax error at or near "REFERENCES" 
2025-09-15T07:39:50.763Z error: [apps/match_service/src/configs/database.config.ts:38] Error connecting database: SequelizeDatabaseError: syntax error at or near "REFERENCES" 
2025-09-15T07:39:52.014Z error: [apps/match_service/src/configs/database.config.ts:38] Error connecting database: SequelizeDatabaseError: syntax error at or near "REFERENCES" 
2025-09-15T07:40:52.380Z error: [apps/match_service/src/configs/database.config.ts:38] Error connecting database: SequelizeDatabaseError: syntax error at or near "REFERENCES" 
2025-09-15T07:40:53.562Z error: [apps/match_service/src/configs/database.config.ts:38] Error connecting database: SequelizeDatabaseError: syntax error at or near "REFERENCES" 
2025-09-15T07:46:19.741Z error: [apps/match_service/src/configs/database.config.ts:38] Error connecting database: SequelizeConnectionRefusedError 
2025-09-15T07:46:32.068Z error: KafkaJSNonRetriableError
  Caused by: KafkaJSConnectionError: Connection error: 
    at Socket.onError (/Users/mihirverma/office_space/wizplay/node_modules/kafkajs/src/network/connection.js:210:23)
    at Socket.emit (node:events:508:28)
    at emitErrorNT (node:internal/streams/destroy:170:8)
    at emitErrorCloseNT (node:internal/streams/destroy:129:3)
    at processTicksAndRejections (node:internal/process/task_queues:90:21)
2025-09-15T07:46:47.452Z error: [apps/match_service/src/configs/database.config.ts:38] Error connecting database: SequelizeConnectionRefusedError 
2025-09-15T07:47:04.064Z error: KafkaJSNonRetriableError
  Caused by: KafkaJSConnectionError: Connection error: 
    at Socket.onError (/Users/mihirverma/office_space/wizplay/node_modules/kafkajs/src/network/connection.js:210:23)
    at Socket.emit (node:events:508:28)
    at emitErrorNT (node:internal/streams/destroy:170:8)
    at emitErrorCloseNT (node:internal/streams/destroy:129:3)
    at processTicksAndRejections (node:internal/process/task_queues:90:21)
2025-09-15T07:47:06.808Z error: [apps/match_service/src/configs/database.config.ts:38] Error connecting database: SequelizeConnectionRefusedError 
2025-09-15T07:47:08.780Z error: [apps/match_service/src/configs/database.config.ts:38] Error connecting database: SequelizeConnectionRefusedError 
2025-09-15T07:47:21.119Z error: KafkaJSNonRetriableError
  Caused by: KafkaJSConnectionError: Connection error: 
    at Socket.onError (/Users/mihirverma/office_space/wizplay/node_modules/kafkajs/src/network/connection.js:210:23)
    at Socket.emit (node:events:508:28)
    at emitErrorNT (node:internal/streams/destroy:170:8)
    at emitErrorCloseNT (node:internal/streams/destroy:129:3)
    at processTicksAndRejections (node:internal/process/task_queues:90:21)
2025-09-15T07:47:45.694Z error: KafkaJSNonRetriableError
  Caused by: KafkaJSConnectionError: Connection error: 
    at Socket.onError (/Users/mihirverma/office_space/wizplay/node_modules/kafkajs/src/network/connection.js:210:23)
    at Socket.emit (node:events:508:28)
    at emitErrorNT (node:internal/streams/destroy:170:8)
    at emitErrorCloseNT (node:internal/streams/destroy:129:3)
    at processTicksAndRejections (node:internal/process/task_queues:90:21)
2025-09-15T07:47:50.332Z error: [apps/match_service/src/configs/database.config.ts:38] Error connecting database: SequelizeConnectionRefusedError 
2025-09-15T07:48:05.168Z error: KafkaJSNonRetriableError
  Caused by: KafkaJSConnectionError: Connection error: 
    at Socket.onError (/Users/mihirverma/office_space/wizplay/node_modules/kafkajs/src/network/connection.js:210:23)
    at Socket.emit (node:events:508:28)
    at emitErrorNT (node:internal/streams/destroy:170:8)
    at emitErrorCloseNT (node:internal/streams/destroy:129:3)
    at processTicksAndRejections (node:internal/process/task_queues:90:21)
2025-09-15T07:48:06.301Z error: [apps/match_service/src/configs/database.config.ts:38] Error connecting database: SequelizeConnectionRefusedError 
2025-09-15T07:48:13.945Z error: [apps/match_service/src/configs/database.config.ts:38] Error connecting database: SequelizeConnectionRefusedError 
2025-09-15T07:48:28.843Z error: KafkaJSNonRetriableError
  Caused by: KafkaJSConnectionError: Connection error: 
    at Socket.onError (/Users/mihirverma/office_space/wizplay/node_modules/kafkajs/src/network/connection.js:210:23)
    at Socket.emit (node:events:508:28)
    at emitErrorNT (node:internal/streams/destroy:170:8)
    at emitErrorCloseNT (node:internal/streams/destroy:129:3)
    at processTicksAndRejections (node:internal/process/task_queues:90:21)
2025-09-15T07:48:56.786Z error: KafkaJSNonRetriableError
  Caused by: KafkaJSConnectionError: Connection error: 
    at Socket.onError (/Users/mihirverma/office_space/wizplay/node_modules/kafkajs/src/network/connection.js:210:23)
    at Socket.emit (node:events:508:28)
    at emitErrorNT (node:internal/streams/destroy:170:8)
    at emitErrorCloseNT (node:internal/streams/destroy:129:3)
    at processTicksAndRejections (node:internal/process/task_queues:90:21)
2025-09-15T07:49:20.774Z error: KafkaJSNonRetriableError
  Caused by: KafkaJSConnectionError: Connection error: 
    at Socket.onError (/Users/mihirverma/office_space/wizplay/node_modules/kafkajs/src/network/connection.js:210:23)
    at Socket.emit (node:events:508:28)
    at emitErrorNT (node:internal/streams/destroy:170:8)
    at emitErrorCloseNT (node:internal/streams/destroy:129:3)
    at processTicksAndRejections (node:internal/process/task_queues:90:21)
2025-09-15T07:49:44.676Z error: KafkaJSNonRetriableError
  Caused by: KafkaJSConnectionError: Connection error: 
    at Socket.onError (/Users/mihirverma/office_space/wizplay/node_modules/kafkajs/src/network/connection.js:210:23)
    at Socket.emit (node:events:508:28)
    at emitErrorNT (node:internal/streams/destroy:170:8)
    at emitErrorCloseNT (node:internal/streams/destroy:129:3)
    at processTicksAndRejections (node:internal/process/task_queues:90:21)
2025-09-15T07:50:07.967Z error: KafkaJSNonRetriableError
  Caused by: KafkaJSConnectionError: Connection error: 
    at Socket.onError (/Users/mihirverma/office_space/wizplay/node_modules/kafkajs/src/network/connection.js:210:23)
    at Socket.emit (node:events:508:28)
    at emitErrorNT (node:internal/streams/destroy:170:8)
    at emitErrorCloseNT (node:internal/streams/destroy:129:3)
    at processTicksAndRejections (node:internal/process/task_queues:90:21)
2025-09-15T07:50:29.507Z error: KafkaJSNonRetriableError
  Caused by: KafkaJSConnectionError: Connection error: 
    at Socket.onError (/Users/mihirverma/office_space/wizplay/node_modules/kafkajs/src/network/connection.js:210:23)
    at Socket.emit (node:events:508:28)
    at emitErrorNT (node:internal/streams/destroy:170:8)
    at emitErrorCloseNT (node:internal/streams/destroy:129:3)
    at processTicksAndRejections (node:internal/process/task_queues:90:21)
2025-09-15T07:50:51.315Z error: [apps/match_service/src/configs/database.config.ts:38] Error connecting database: SequelizeConnectionRefusedError 
2025-09-15T07:51:04.684Z error: KafkaJSNonRetriableError
  Caused by: KafkaJSConnectionError: Connection error: 
    at Socket.onError (/Users/mihirverma/office_space/wizplay/node_modules/kafkajs/src/network/connection.js:210:23)
    at Socket.emit (node:events:508:28)
    at emitErrorNT (node:internal/streams/destroy:170:8)
    at emitErrorCloseNT (node:internal/streams/destroy:129:3)
    at processTicksAndRejections (node:internal/process/task_queues:90:21)
2025-09-15T07:51:28.915Z error: KafkaJSNonRetriableError
  Caused by: KafkaJSConnectionError: Connection error: 
    at Socket.onError (/Users/mihirverma/office_space/wizplay/node_modules/kafkajs/src/network/connection.js:210:23)
    at Socket.emit (node:events:508:28)
    at emitErrorNT (node:internal/streams/destroy:170:8)
    at emitErrorCloseNT (node:internal/streams/destroy:129:3)
    at processTicksAndRejections (node:internal/process/task_queues:90:21)
2025-09-15T07:51:52.359Z error: KafkaJSNonRetriableError
  Caused by: KafkaJSConnectionError: Connection error: 
    at Socket.onError (/Users/mihirverma/office_space/wizplay/node_modules/kafkajs/src/network/connection.js:210:23)
    at Socket.emit (node:events:508:28)
    at emitErrorNT (node:internal/streams/destroy:170:8)
    at emitErrorCloseNT (node:internal/streams/destroy:129:3)
    at processTicksAndRejections (node:internal/process/task_queues:90:21)
2025-09-15T07:52:14.000Z error: KafkaJSNonRetriableError
  Caused by: KafkaJSConnectionError: Connection error: 
    at Socket.onError (/Users/mihirverma/office_space/wizplay/node_modules/kafkajs/src/network/connection.js:210:23)
    at Socket.emit (node:events:508:28)
    at emitErrorNT (node:internal/streams/destroy:170:8)
    at emitErrorCloseNT (node:internal/streams/destroy:129:3)
    at processTicksAndRejections (node:internal/process/task_queues:90:21)
2025-09-15T07:54:10.076Z error: [apps/match_service/src/configs/database.config.ts:38] Error connecting database: SequelizeConnectionRefusedError 
2025-09-15T07:54:27.942Z error: KafkaJSNonRetriableError
  Caused by: KafkaJSConnectionError: Connection error: 
    at Socket.onError (/Users/mihirverma/office_space/wizplay/node_modules/kafkajs/src/network/connection.js:210:23)
    at Socket.emit (node:events:508:28)
    at emitErrorNT (node:internal/streams/destroy:170:8)
    at emitErrorCloseNT (node:internal/streams/destroy:129:3)
    at processTicksAndRejections (node:internal/process/task_queues:90:21)
2025-09-15T07:54:28.828Z error: [apps/match_service/src/configs/database.config.ts:38] Error connecting database: SequelizeConnectionRefusedError 
2025-09-15T07:54:44.662Z error: KafkaJSNonRetriableError
  Caused by: KafkaJSConnectionError: Connection error: 
    at Socket.onError (/Users/mihirverma/office_space/wizplay/node_modules/kafkajs/src/network/connection.js:210:23)
    at Socket.emit (node:events:508:28)
    at emitErrorNT (node:internal/streams/destroy:170:8)
    at emitErrorCloseNT (node:internal/streams/destroy:129:3)
    at processTicksAndRejections (node:internal/process/task_queues:90:21)
2025-09-15T07:55:08.368Z error: KafkaJSNonRetriableError
  Caused by: KafkaJSConnectionError: Connection error: 
    at Socket.onError (/Users/mihirverma/office_space/wizplay/node_modules/kafkajs/src/network/connection.js:210:23)
    at Socket.emit (node:events:508:28)
    at emitErrorNT (node:internal/streams/destroy:170:8)
    at emitErrorCloseNT (node:internal/streams/destroy:129:3)
    at processTicksAndRejections (node:internal/process/task_queues:90:21)
2025-09-15T07:55:31.649Z error: KafkaJSNonRetriableError
  Caused by: KafkaJSConnectionError: Connection error: 
    at Socket.onError (/Users/mihirverma/office_space/wizplay/node_modules/kafkajs/src/network/connection.js:210:23)
    at Socket.emit (node:events:508:28)
    at emitErrorNT (node:internal/streams/destroy:170:8)
    at emitErrorCloseNT (node:internal/streams/destroy:129:3)
    at processTicksAndRejections (node:internal/process/task_queues:90:21)
2025-09-15T07:55:54.531Z error: KafkaJSNonRetriableError
  Caused by: KafkaJSConnectionError: Connection error: 
    at Socket.onError (/Users/mihirverma/office_space/wizplay/node_modules/kafkajs/src/network/connection.js:210:23)
    at Socket.emit (node:events:508:28)
    at emitErrorNT (node:internal/streams/destroy:170:8)
    at emitErrorCloseNT (node:internal/streams/destroy:129:3)
    at processTicksAndRejections (node:internal/process/task_queues:90:21)
2025-09-15T07:56:16.563Z error: KafkaJSNonRetriableError
  Caused by: KafkaJSConnectionError: Connection error: 
    at Socket.onError (/Users/mihirverma/office_space/wizplay/node_modules/kafkajs/src/network/connection.js:210:23)
    at Socket.emit (node:events:508:28)
    at emitErrorNT (node:internal/streams/destroy:170:8)
    at emitErrorCloseNT (node:internal/streams/destroy:129:3)
    at processTicksAndRejections (node:internal/process/task_queues:90:21)
2025-09-15T07:56:40.777Z error: KafkaJSNonRetriableError
  Caused by: KafkaJSConnectionError: Connection error: 
    at Socket.onError (/Users/mihirverma/office_space/wizplay/node_modules/kafkajs/src/network/connection.js:210:23)
    at Socket.emit (node:events:508:28)
    at emitErrorNT (node:internal/streams/destroy:170:8)
    at emitErrorCloseNT (node:internal/streams/destroy:129:3)
    at processTicksAndRejections (node:internal/process/task_queues:90:21)
2025-09-15T07:57:02.749Z error: KafkaJSNonRetriableError
  Caused by: KafkaJSConnectionError: Connection error: 
    at Socket.onError (/Users/mihirverma/office_space/wizplay/node_modules/kafkajs/src/network/connection.js:210:23)
    at Socket.emit (node:events:508:28)
    at emitErrorNT (node:internal/streams/destroy:170:8)
    at emitErrorCloseNT (node:internal/streams/destroy:129:3)
    at processTicksAndRejections (node:internal/process/task_queues:90:21)
2025-09-15T07:57:14.961Z error: [apps/match_service/src/configs/database.config.ts:38] Error connecting database: SequelizeConnectionRefusedError 
2025-09-15T07:57:27.052Z error: KafkaJSNonRetriableError
  Caused by: KafkaJSConnectionError: Connection error: 
    at Socket.onError (/Users/mihirverma/office_space/wizplay/node_modules/kafkajs/src/network/connection.js:210:23)
    at Socket.emit (node:events:508:28)
    at emitErrorNT (node:internal/streams/destroy:170:8)
    at emitErrorCloseNT (node:internal/streams/destroy:129:3)
    at processTicksAndRejections (node:internal/process/task_queues:90:21)
2025-09-15T07:57:49.482Z error: KafkaJSNonRetriableError
  Caused by: KafkaJSConnectionError: Connection error: 
    at Socket.onError (/Users/mihirverma/office_space/wizplay/node_modules/kafkajs/src/network/connection.js:210:23)
    at Socket.emit (node:events:508:28)
    at emitErrorNT (node:internal/streams/destroy:170:8)
    at emitErrorCloseNT (node:internal/streams/destroy:129:3)
    at processTicksAndRejections (node:internal/process/task_queues:90:21)
2025-09-15T07:57:57.272Z error: [apps/match_service/src/configs/database.config.ts:38] Error connecting database: SequelizeConnectionRefusedError 
2025-09-15T07:58:14.753Z error: KafkaJSNonRetriableError
  Caused by: KafkaJSConnectionError: Connection error: 
    at Socket.onError (/Users/mihirverma/office_space/wizplay/node_modules/kafkajs/src/network/connection.js:210:23)
    at Socket.emit (node:events:508:28)
    at emitErrorNT (node:internal/streams/destroy:170:8)
    at emitErrorCloseNT (node:internal/streams/destroy:129:3)
    at processTicksAndRejections (node:internal/process/task_queues:90:21)
2025-09-15T07:58:40.020Z error: KafkaJSNonRetriableError
  Caused by: KafkaJSConnectionError: Connection error: 
    at Socket.onError (/Users/mihirverma/office_space/wizplay/node_modules/kafkajs/src/network/connection.js:210:23)
    at Socket.emit (node:events:508:28)
    at emitErrorNT (node:internal/streams/destroy:170:8)
    at emitErrorCloseNT (node:internal/streams/destroy:129:3)
    at processTicksAndRejections (node:internal/process/task_queues:90:21)
2025-09-15T07:58:41.683Z error: [apps/match_service/src/configs/database.config.ts:38] Error connecting database: SequelizeConnectionRefusedError 
2025-09-15T07:58:47.882Z error: [apps/match_service/src/configs/database.config.ts:38] Error connecting database: SequelizeConnectionRefusedError 
2025-09-15T07:59:03.527Z error: KafkaJSNonRetriableError
  Caused by: KafkaJSConnectionError: Connection error: 
    at Socket.onError (/Users/mihirverma/office_space/wizplay/node_modules/kafkajs/src/network/connection.js:210:23)
    at Socket.emit (node:events:508:28)
    at emitErrorNT (node:internal/streams/destroy:170:8)
    at emitErrorCloseNT (node:internal/streams/destroy:129:3)
    at processTicksAndRejections (node:internal/process/task_queues:90:21)
2025-09-15T07:59:12.355Z error: [apps/match_service/src/configs/database.config.ts:38] Error connecting database: SequelizeConnectionRefusedError 
2025-09-15T07:59:13.536Z error: [apps/match_service/src/configs/database.config.ts:38] Error connecting database: SequelizeConnectionRefusedError 
2025-09-15T07:59:19.302Z error: [apps/match_service/src/configs/database.config.ts:38] Error connecting database: SequelizeConnectionRefusedError 
2025-09-15T07:59:29.613Z error: [apps/match_service/src/configs/database.config.ts:38] Error connecting database: SequelizeConnectionRefusedError 
2025-09-15T07:59:41.090Z error: [apps/match_service/src/configs/database.config.ts:38] Error connecting database: SequelizeConnectionRefusedError 
2025-09-15T07:59:44.189Z error: [apps/match_service/src/configs/database.config.ts:38] Error connecting database: SequelizeConnectionRefusedError 
2025-09-15T07:59:46.457Z error: [apps/match_service/src/configs/database.config.ts:38] Error connecting database: SequelizeConnectionRefusedError 
2025-09-15T08:00:00.292Z error: KafkaJSNonRetriableError
  Caused by: KafkaJSConnectionError: Connection error: 
    at Socket.onError (/Users/mihirverma/office_space/wizplay/node_modules/kafkajs/src/network/connection.js:210:23)
    at Socket.emit (node:events:508:28)
    at emitErrorNT (node:internal/streams/destroy:170:8)
    at emitErrorCloseNT (node:internal/streams/destroy:129:3)
    at processTicksAndRejections (node:internal/process/task_queues:90:21)
2025-09-15T08:00:09.035Z error: [apps/match_service/src/configs/database.config.ts:38] Error connecting database: SequelizeConnectionRefusedError 
2025-09-15T08:00:22.978Z error: KafkaJSNonRetriableError
  Caused by: KafkaJSConnectionError: Connection error: 
    at Socket.onError (/Users/mihirverma/office_space/wizplay/node_modules/kafkajs/src/network/connection.js:210:23)
    at Socket.emit (node:events:508:28)
    at emitErrorNT (node:internal/streams/destroy:170:8)
    at emitErrorCloseNT (node:internal/streams/destroy:129:3)
    at processTicksAndRejections (node:internal/process/task_queues:90:21)
2025-09-15T08:00:34.890Z error: [apps/match_service/src/configs/database.config.ts:38] Error connecting database: SequelizeConnectionRefusedError 
2025-09-15T08:00:44.406Z error: [apps/match_service/src/configs/database.config.ts:38] Error connecting database: SequelizeConnectionRefusedError 
2025-09-15T08:00:51.394Z error: [apps/match_service/src/configs/database.config.ts:38] Error connecting database: SequelizeConnectionRefusedError 
2025-09-15T08:01:04.477Z error: KafkaJSNonRetriableError
  Caused by: KafkaJSConnectionError: Connection error: 
    at Socket.onError (/Users/mihirverma/office_space/wizplay/node_modules/kafkajs/src/network/connection.js:210:23)
    at Socket.emit (node:events:508:28)
    at emitErrorNT (node:internal/streams/destroy:170:8)
    at emitErrorCloseNT (node:internal/streams/destroy:129:3)
    at processTicksAndRejections (node:internal/process/task_queues:90:21)
2025-09-15T08:01:27.876Z error: [apps/match_service/src/configs/database.config.ts:38] Error connecting database: SequelizeConnectionRefusedError 
2025-09-15T08:01:29.631Z error: [apps/match_service/src/configs/database.config.ts:38] Error connecting database: SequelizeConnectionRefusedError 
2025-09-15T08:01:41.373Z error: KafkaJSNonRetriableError
  Caused by: KafkaJSConnectionError: Connection error: 
    at Socket.onError (/Users/mihirverma/office_space/wizplay/node_modules/kafkajs/src/network/connection.js:210:23)
    at Socket.emit (node:events:508:28)
    at emitErrorNT (node:internal/streams/destroy:170:8)
    at emitErrorCloseNT (node:internal/streams/destroy:129:3)
    at processTicksAndRejections (node:internal/process/task_queues:90:21)
2025-09-15T08:01:45.456Z error: [apps/match_service/src/configs/database.config.ts:38] Error connecting database: SequelizeConnectionRefusedError 
2025-09-15T08:01:59.868Z error: KafkaJSNonRetriableError
  Caused by: KafkaJSConnectionError: Connection error: 
    at Socket.onError (/Users/mihirverma/office_space/wizplay/node_modules/kafkajs/src/network/connection.js:210:23)
    at Socket.emit (node:events:508:28)
    at emitErrorNT (node:internal/streams/destroy:170:8)
    at emitErrorCloseNT (node:internal/streams/destroy:129:3)
    at processTicksAndRejections (node:internal/process/task_queues:90:21)
2025-09-15T08:02:25.418Z error: KafkaJSNonRetriableError
  Caused by: KafkaJSConnectionError: Connection error: 
    at Socket.onError (/Users/mihirverma/office_space/wizplay/node_modules/kafkajs/src/network/connection.js:210:23)
    at Socket.emit (node:events:508:28)
    at emitErrorNT (node:internal/streams/destroy:170:8)
    at emitErrorCloseNT (node:internal/streams/destroy:129:3)
    at processTicksAndRejections (node:internal/process/task_queues:90:21)
2025-09-15T08:02:48.031Z error: KafkaJSNonRetriableError
  Caused by: KafkaJSConnectionError: Connection error: 
    at Socket.onError (/Users/mihirverma/office_space/wizplay/node_modules/kafkajs/src/network/connection.js:210:23)
    at Socket.emit (node:events:508:28)
    at emitErrorNT (node:internal/streams/destroy:170:8)
    at emitErrorCloseNT (node:internal/streams/destroy:129:3)
    at processTicksAndRejections (node:internal/process/task_queues:90:21)
2025-09-15T08:03:13.696Z error: KafkaJSNonRetriableError
  Caused by: KafkaJSConnectionError: Connection error: 
    at Socket.onError (/Users/mihirverma/office_space/wizplay/node_modules/kafkajs/src/network/connection.js:210:23)
    at Socket.emit (node:events:508:28)
    at emitErrorNT (node:internal/streams/destroy:170:8)
    at emitErrorCloseNT (node:internal/streams/destroy:129:3)
    at processTicksAndRejections (node:internal/process/task_queues:90:21)
2025-09-15T08:03:39.314Z error: KafkaJSNonRetriableError
  Caused by: KafkaJSConnectionError: Connection error: 
    at Socket.onError (/Users/mihirverma/office_space/wizplay/node_modules/kafkajs/src/network/connection.js:210:23)
    at Socket.emit (node:events:508:28)
    at emitErrorNT (node:internal/streams/destroy:170:8)
    at emitErrorCloseNT (node:internal/streams/destroy:129:3)
    at processTicksAndRejections (node:internal/process/task_queues:90:21)
2025-09-15T08:04:03.509Z error: KafkaJSNonRetriableError
  Caused by: KafkaJSConnectionError: Connection error: 
    at Socket.onError (/Users/mihirverma/office_space/wizplay/node_modules/kafkajs/src/network/connection.js:210:23)
    at Socket.emit (node:events:508:28)
    at emitErrorNT (node:internal/streams/destroy:170:8)
    at emitErrorCloseNT (node:internal/streams/destroy:129:3)
    at processTicksAndRejections (node:internal/process/task_queues:90:21)
2025-09-15T08:04:24.915Z error: KafkaJSNonRetriableError
  Caused by: KafkaJSConnectionError: Connection error: 
    at Socket.onError (/Users/mihirverma/office_space/wizplay/node_modules/kafkajs/src/network/connection.js:210:23)
    at Socket.emit (node:events:508:28)
    at emitErrorNT (node:internal/streams/destroy:170:8)
    at emitErrorCloseNT (node:internal/streams/destroy:129:3)
    at processTicksAndRejections (node:internal/process/task_queues:90:21)
2025-09-15T08:04:31.861Z error: [apps/match_service/src/configs/database.config.ts:38] Error connecting database: SequelizeConnectionRefusedError 
2025-09-15T08:04:37.403Z error: [apps/match_service/src/configs/database.config.ts:38] Error connecting database: SequelizeConnectionRefusedError 
2025-09-15T08:04:50.635Z error: KafkaJSNonRetriableError
  Caused by: KafkaJSConnectionError: Connection error: 
    at Socket.onError (/Users/mihirverma/office_space/wizplay/node_modules/kafkajs/src/network/connection.js:210:23)
    at Socket.emit (node:events:508:28)
    at emitErrorNT (node:internal/streams/destroy:170:8)
    at emitErrorCloseNT (node:internal/streams/destroy:129:3)
    at processTicksAndRejections (node:internal/process/task_queues:90:21)
2025-09-15T08:04:54.259Z error: [apps/match_service/src/configs/database.config.ts:38] Error connecting database: SequelizeConnectionRefusedError 
2025-09-15T08:05:00.478Z error: [apps/match_service/src/configs/database.config.ts:38] Error connecting database: SequelizeConnectionRefusedError 
2025-09-15T08:05:16.699Z error: [apps/match_service/src/configs/database.config.ts:38] Error connecting database: SequelizeConnectionRefusedError 
2025-09-15T08:05:24.478Z error: [apps/match_service/src/configs/database.config.ts:38] Error connecting database: SequelizeConnectionRefusedError 
2025-09-15T08:05:32.636Z error: [apps/match_service/src/configs/database.config.ts:38] Error connecting database: SequelizeConnectionRefusedError 
2025-09-15T08:05:42.555Z error: [apps/match_service/src/configs/database.config.ts:38] Error connecting database: SequelizeConnectionRefusedError 
2025-09-15T08:05:51.838Z error: [apps/match_service/src/configs/database.config.ts:38] Error connecting database: SequelizeConnectionRefusedError 
2025-09-15T08:05:55.800Z error: [apps/match_service/src/configs/database.config.ts:38] Error connecting database: SequelizeConnectionRefusedError 
2025-09-15T08:06:10.667Z error: KafkaJSNonRetriableError
  Caused by: KafkaJSConnectionError: Connection error: 
    at Socket.onError (/Users/mihirverma/office_space/wizplay/node_modules/kafkajs/src/network/connection.js:210:23)
    at Socket.emit (node:events:508:28)
    at emitErrorNT (node:internal/streams/destroy:170:8)
    at emitErrorCloseNT (node:internal/streams/destroy:129:3)
    at processTicksAndRejections (node:internal/process/task_queues:90:21)
2025-09-15T08:06:34.773Z error: KafkaJSNonRetriableError
  Caused by: KafkaJSConnectionError: Connection error: 
    at Socket.onError (/Users/mihirverma/office_space/wizplay/node_modules/kafkajs/src/network/connection.js:210:23)
    at Socket.emit (node:events:508:28)
    at emitErrorNT (node:internal/streams/destroy:170:8)
    at emitErrorCloseNT (node:internal/streams/destroy:129:3)
    at processTicksAndRejections (node:internal/process/task_queues:90:21)
2025-09-15T08:06:58.192Z error: KafkaJSNonRetriableError
  Caused by: KafkaJSConnectionError: Connection error: 
    at Socket.onError (/Users/mihirverma/office_space/wizplay/node_modules/kafkajs/src/network/connection.js:210:23)
    at Socket.emit (node:events:508:28)
    at emitErrorNT (node:internal/streams/destroy:170:8)
    at emitErrorCloseNT (node:internal/streams/destroy:129:3)
    at processTicksAndRejections (node:internal/process/task_queues:90:21)
2025-09-15T08:07:24.580Z error: KafkaJSNonRetriableError
  Caused by: KafkaJSConnectionError: Connection error: 
    at Socket.onError (/Users/mihirverma/office_space/wizplay/node_modules/kafkajs/src/network/connection.js:210:23)
    at Socket.emit (node:events:508:28)
    at emitErrorNT (node:internal/streams/destroy:170:8)
    at emitErrorCloseNT (node:internal/streams/destroy:129:3)
    at processTicksAndRejections (node:internal/process/task_queues:90:21)
2025-09-15T08:07:49.205Z error: KafkaJSNonRetriableError
  Caused by: KafkaJSConnectionError: Connection error: 
    at Socket.onError (/Users/mihirverma/office_space/wizplay/node_modules/kafkajs/src/network/connection.js:210:23)
    at Socket.emit (node:events:508:28)
    at emitErrorNT (node:internal/streams/destroy:170:8)
    at emitErrorCloseNT (node:internal/streams/destroy:129:3)
    at processTicksAndRejections (node:internal/process/task_queues:90:21)
2025-09-15T08:08:13.781Z error: KafkaJSNonRetriableError
  Caused by: KafkaJSConnectionError: Connection error: 
    at Socket.onError (/Users/mihirverma/office_space/wizplay/node_modules/kafkajs/src/network/connection.js:210:23)
    at Socket.emit (node:events:508:28)
    at emitErrorNT (node:internal/streams/destroy:170:8)
    at emitErrorCloseNT (node:internal/streams/destroy:129:3)
    at processTicksAndRejections (node:internal/process/task_queues:90:21)
2025-09-15T08:08:39.791Z error: KafkaJSNonRetriableError
  Caused by: KafkaJSConnectionError: Connection error: 
    at Socket.onError (/Users/mihirverma/office_space/wizplay/node_modules/kafkajs/src/network/connection.js:210:23)
    at Socket.emit (node:events:508:28)
    at emitErrorNT (node:internal/streams/destroy:170:8)
    at emitErrorCloseNT (node:internal/streams/destroy:129:3)
    at processTicksAndRejections (node:internal/process/task_queues:90:21)
2025-09-15T08:09:07.070Z error: KafkaJSNonRetriableError
  Caused by: KafkaJSConnectionError: Connection error: 
    at Socket.onError (/Users/mihirverma/office_space/wizplay/node_modules/kafkajs/src/network/connection.js:210:23)
    at Socket.emit (node:events:508:28)
    at emitErrorNT (node:internal/streams/destroy:170:8)
    at emitErrorCloseNT (node:internal/streams/destroy:129:3)
    at processTicksAndRejections (node:internal/process/task_queues:90:21)
2025-09-15T08:09:31.203Z error: KafkaJSNonRetriableError
  Caused by: KafkaJSConnectionError: Connection error: 
    at Socket.onError (/Users/mihirverma/office_space/wizplay/node_modules/kafkajs/src/network/connection.js:210:23)
    at Socket.emit (node:events:508:28)
    at emitErrorNT (node:internal/streams/destroy:170:8)
    at emitErrorCloseNT (node:internal/streams/destroy:129:3)
    at processTicksAndRejections (node:internal/process/task_queues:90:21)
2025-09-15T08:09:55.701Z error: KafkaJSNonRetriableError
  Caused by: KafkaJSConnectionError: Connection error: 
    at Socket.onError (/Users/mihirverma/office_space/wizplay/node_modules/kafkajs/src/network/connection.js:210:23)
    at Socket.emit (node:events:508:28)
    at emitErrorNT (node:internal/streams/destroy:170:8)
    at emitErrorCloseNT (node:internal/streams/destroy:129:3)
    at processTicksAndRejections (node:internal/process/task_queues:90:21)
2025-09-15T08:10:19.390Z error: KafkaJSNonRetriableError
  Caused by: KafkaJSConnectionError: Connection error: 
    at Socket.onError (/Users/mihirverma/office_space/wizplay/node_modules/kafkajs/src/network/connection.js:210:23)
    at Socket.emit (node:events:508:28)
    at emitErrorNT (node:internal/streams/destroy:170:8)
    at emitErrorCloseNT (node:internal/streams/destroy:129:3)
    at processTicksAndRejections (node:internal/process/task_queues:90:21)
2025-09-15T08:10:41.868Z error: KafkaJSNonRetriableError
  Caused by: KafkaJSConnectionError: Connection error: 
    at Socket.onError (/Users/mihirverma/office_space/wizplay/node_modules/kafkajs/src/network/connection.js:210:23)
    at Socket.emit (node:events:508:28)
    at emitErrorNT (node:internal/streams/destroy:170:8)
    at emitErrorCloseNT (node:internal/streams/destroy:129:3)
    at processTicksAndRejections (node:internal/process/task_queues:90:21)
2025-09-15T08:11:10.310Z error: KafkaJSNonRetriableError
  Caused by: KafkaJSConnectionError: Connection error: 
    at Socket.onError (/Users/mihirverma/office_space/wizplay/node_modules/kafkajs/src/network/connection.js:210:23)
    at Socket.emit (node:events:508:28)
    at emitErrorNT (node:internal/streams/destroy:170:8)
    at emitErrorCloseNT (node:internal/streams/destroy:129:3)
    at processTicksAndRejections (node:internal/process/task_queues:90:21)
2025-09-15T08:11:33.129Z error: KafkaJSNonRetriableError
  Caused by: KafkaJSConnectionError: Connection error: 
    at Socket.onError (/Users/mihirverma/office_space/wizplay/node_modules/kafkajs/src/network/connection.js:210:23)
    at Socket.emit (node:events:508:28)
    at emitErrorNT (node:internal/streams/destroy:170:8)
    at emitErrorCloseNT (node:internal/streams/destroy:129:3)
    at processTicksAndRejections (node:internal/process/task_queues:90:21)
2025-09-15T08:11:57.310Z error: KafkaJSNonRetriableError
  Caused by: KafkaJSConnectionError: Connection error: 
    at Socket.onError (/Users/mihirverma/office_space/wizplay/node_modules/kafkajs/src/network/connection.js:210:23)
    at Socket.emit (node:events:508:28)
    at emitErrorNT (node:internal/streams/destroy:170:8)
    at emitErrorCloseNT (node:internal/streams/destroy:129:3)
    at processTicksAndRejections (node:internal/process/task_queues:90:21)
2025-09-15T08:12:21.461Z error: KafkaJSNonRetriableError
  Caused by: KafkaJSConnectionError: Connection error: 
    at Socket.onError (/Users/mihirverma/office_space/wizplay/node_modules/kafkajs/src/network/connection.js:210:23)
    at Socket.emit (node:events:508:28)
    at emitErrorNT (node:internal/streams/destroy:170:8)
    at emitErrorCloseNT (node:internal/streams/destroy:129:3)
    at processTicksAndRejections (node:internal/process/task_queues:90:21)
2025-09-15T08:12:41.972Z error: KafkaJSNonRetriableError
  Caused by: KafkaJSConnectionError: Connection error: 
    at Socket.onError (/Users/mihirverma/office_space/wizplay/node_modules/kafkajs/src/network/connection.js:210:23)
    at Socket.emit (node:events:508:28)
    at emitErrorNT (node:internal/streams/destroy:170:8)
    at emitErrorCloseNT (node:internal/streams/destroy:129:3)
    at processTicksAndRejections (node:internal/process/task_queues:90:21)
2025-09-15T08:13:05.519Z error: KafkaJSNonRetriableError
  Caused by: KafkaJSConnectionError: Connection error: 
    at Socket.onError (/Users/mihirverma/office_space/wizplay/node_modules/kafkajs/src/network/connection.js:210:23)
    at Socket.emit (node:events:508:28)
    at emitErrorNT (node:internal/streams/destroy:170:8)
    at emitErrorCloseNT (node:internal/streams/destroy:129:3)
    at processTicksAndRejections (node:internal/process/task_queues:90:21)
2025-09-15T08:13:29.203Z error: KafkaJSNonRetriableError
  Caused by: KafkaJSConnectionError: Connection error: 
    at Socket.onError (/Users/mihirverma/office_space/wizplay/node_modules/kafkajs/src/network/connection.js:210:23)
    at Socket.emit (node:events:508:28)
    at emitErrorNT (node:internal/streams/destroy:170:8)
    at emitErrorCloseNT (node:internal/streams/destroy:129:3)
    at processTicksAndRejections (node:internal/process/task_queues:90:21)
2025-09-15T08:13:52.619Z error: KafkaJSNonRetriableError
  Caused by: KafkaJSConnectionError: Connection error: 
    at Socket.onError (/Users/mihirverma/office_space/wizplay/node_modules/kafkajs/src/network/connection.js:210:23)
    at Socket.emit (node:events:508:28)
    at emitErrorNT (node:internal/streams/destroy:170:8)
    at emitErrorCloseNT (node:internal/streams/destroy:129:3)
    at processTicksAndRejections (node:internal/process/task_queues:90:21)
2025-09-15T08:14:19.988Z error: KafkaJSNonRetriableError
  Caused by: KafkaJSConnectionError: Connection error: 
    at Socket.onError (/Users/mihirverma/office_space/wizplay/node_modules/kafkajs/src/network/connection.js:210:23)
    at Socket.emit (node:events:508:28)
    at emitErrorNT (node:internal/streams/destroy:170:8)
    at emitErrorCloseNT (node:internal/streams/destroy:129:3)
    at processTicksAndRejections (node:internal/process/task_queues:90:21)
2025-09-15T08:14:48.578Z error: KafkaJSNonRetriableError
  Caused by: KafkaJSConnectionError: Connection error: 
    at Socket.onError (/Users/mihirverma/office_space/wizplay/node_modules/kafkajs/src/network/connection.js:210:23)
    at Socket.emit (node:events:508:28)
    at emitErrorNT (node:internal/streams/destroy:170:8)
    at emitErrorCloseNT (node:internal/streams/destroy:129:3)
    at processTicksAndRejections (node:internal/process/task_queues:90:21)
2025-09-15T08:15:10.151Z error: KafkaJSNonRetriableError
  Caused by: KafkaJSConnectionError: Connection error: 
    at Socket.onError (/Users/mihirverma/office_space/wizplay/node_modules/kafkajs/src/network/connection.js:210:23)
    at Socket.emit (node:events:508:28)
    at emitErrorNT (node:internal/streams/destroy:170:8)
    at emitErrorCloseNT (node:internal/streams/destroy:129:3)
    at processTicksAndRejections (node:internal/process/task_queues:90:21)
2025-09-15T08:15:33.157Z error: KafkaJSNonRetriableError
  Caused by: KafkaJSConnectionError: Connection error: 
    at Socket.onError (/Users/mihirverma/office_space/wizplay/node_modules/kafkajs/src/network/connection.js:210:23)
    at Socket.emit (node:events:508:28)
    at emitErrorNT (node:internal/streams/destroy:170:8)
    at emitErrorCloseNT (node:internal/streams/destroy:129:3)
    at processTicksAndRejections (node:internal/process/task_queues:90:21)
2025-09-15T08:15:57.766Z error: KafkaJSNonRetriableError
  Caused by: KafkaJSConnectionError: Connection error: 
    at Socket.onError (/Users/mihirverma/office_space/wizplay/node_modules/kafkajs/src/network/connection.js:210:23)
    at Socket.emit (node:events:508:28)
    at emitErrorNT (node:internal/streams/destroy:170:8)
    at emitErrorCloseNT (node:internal/streams/destroy:129:3)
    at processTicksAndRejections (node:internal/process/task_queues:90:21)
2025-09-15T08:16:20.124Z error: KafkaJSNonRetriableError
  Caused by: KafkaJSConnectionError: Connection error: 
    at Socket.onError (/Users/mihirverma/office_space/wizplay/node_modules/kafkajs/src/network/connection.js:210:23)
    at Socket.emit (node:events:508:28)
    at emitErrorNT (node:internal/streams/destroy:170:8)
    at emitErrorCloseNT (node:internal/streams/destroy:129:3)
    at processTicksAndRejections (node:internal/process/task_queues:90:21)
2025-09-15T08:16:43.365Z error: KafkaJSNonRetriableError
  Caused by: KafkaJSConnectionError: Connection error: 
    at Socket.onError (/Users/mihirverma/office_space/wizplay/node_modules/kafkajs/src/network/connection.js:210:23)
    at Socket.emit (node:events:508:28)
    at emitErrorNT (node:internal/streams/destroy:170:8)
    at emitErrorCloseNT (node:internal/streams/destroy:129:3)
    at processTicksAndRejections (node:internal/process/task_queues:90:21)
2025-09-15T08:17:08.453Z error: KafkaJSNonRetriableError
  Caused by: KafkaJSConnectionError: Connection error: 
    at Socket.onError (/Users/mihirverma/office_space/wizplay/node_modules/kafkajs/src/network/connection.js:210:23)
    at Socket.emit (node:events:508:28)
    at emitErrorNT (node:internal/streams/destroy:170:8)
    at emitErrorCloseNT (node:internal/streams/destroy:129:3)
    at processTicksAndRejections (node:internal/process/task_queues:90:21)
2025-09-15T08:17:33.774Z error: KafkaJSNonRetriableError
  Caused by: KafkaJSConnectionError: Connection error: 
    at Socket.onError (/Users/mihirverma/office_space/wizplay/node_modules/kafkajs/src/network/connection.js:210:23)
    at Socket.emit (node:events:508:28)
    at emitErrorNT (node:internal/streams/destroy:170:8)
    at emitErrorCloseNT (node:internal/streams/destroy:129:3)
    at processTicksAndRejections (node:internal/process/task_queues:90:21)
2025-09-15T08:17:55.759Z error: KafkaJSNonRetriableError
  Caused by: KafkaJSConnectionError: Connection error: 
    at Socket.onError (/Users/mihirverma/office_space/wizplay/node_modules/kafkajs/src/network/connection.js:210:23)
    at Socket.emit (node:events:508:28)
    at emitErrorNT (node:internal/streams/destroy:170:8)
    at emitErrorCloseNT (node:internal/streams/destroy:129:3)
    at processTicksAndRejections (node:internal/process/task_queues:90:21)
2025-09-15T08:18:19.816Z error: KafkaJSNonRetriableError
  Caused by: KafkaJSConnectionError: Connection error: 
    at Socket.onError (/Users/mihirverma/office_space/wizplay/node_modules/kafkajs/src/network/connection.js:210:23)
    at Socket.emit (node:events:508:28)
    at emitErrorNT (node:internal/streams/destroy:170:8)
    at emitErrorCloseNT (node:internal/streams/destroy:129:3)
    at processTicksAndRejections (node:internal/process/task_queues:90:21)
2025-09-15T08:18:44.113Z error: KafkaJSNonRetriableError
  Caused by: KafkaJSConnectionError: Connection error: 
    at Socket.onError (/Users/mihirverma/office_space/wizplay/node_modules/kafkajs/src/network/connection.js:210:23)
    at Socket.emit (node:events:508:28)
    at emitErrorNT (node:internal/streams/destroy:170:8)
    at emitErrorCloseNT (node:internal/streams/destroy:129:3)
    at processTicksAndRejections (node:internal/process/task_queues:90:21)
2025-09-15T08:19:07.319Z error: KafkaJSNonRetriableError
  Caused by: KafkaJSConnectionError: Connection error: 
    at Socket.onError (/Users/mihirverma/office_space/wizplay/node_modules/kafkajs/src/network/connection.js:210:23)
    at Socket.emit (node:events:508:28)
    at emitErrorNT (node:internal/streams/destroy:170:8)
    at emitErrorCloseNT (node:internal/streams/destroy:129:3)
    at processTicksAndRejections (node:internal/process/task_queues:90:21)
2025-09-15T08:19:30.620Z error: KafkaJSNonRetriableError
  Caused by: KafkaJSConnectionError: Connection error: 
    at Socket.onError (/Users/mihirverma/office_space/wizplay/node_modules/kafkajs/src/network/connection.js:210:23)
    at Socket.emit (node:events:508:28)
    at emitErrorNT (node:internal/streams/destroy:170:8)
    at emitErrorCloseNT (node:internal/streams/destroy:129:3)
    at processTicksAndRejections (node:internal/process/task_queues:90:21)
2025-09-15T08:19:54.359Z error: KafkaJSNonRetriableError
  Caused by: KafkaJSConnectionError: Connection error: 
    at Socket.onError (/Users/mihirverma/office_space/wizplay/node_modules/kafkajs/src/network/connection.js:210:23)
    at Socket.emit (node:events:508:28)
    at emitErrorNT (node:internal/streams/destroy:170:8)
    at emitErrorCloseNT (node:internal/streams/destroy:129:3)
    at processTicksAndRejections (node:internal/process/task_queues:90:21)
2025-09-15T08:20:17.009Z error: KafkaJSNonRetriableError
  Caused by: KafkaJSConnectionError: Connection error: 
    at Socket.onError (/Users/mihirverma/office_space/wizplay/node_modules/kafkajs/src/network/connection.js:210:23)
    at Socket.emit (node:events:508:28)
    at emitErrorNT (node:internal/streams/destroy:170:8)
    at emitErrorCloseNT (node:internal/streams/destroy:129:3)
    at processTicksAndRejections (node:internal/process/task_queues:90:21)
2025-09-15T08:20:38.178Z error: KafkaJSNonRetriableError
  Caused by: KafkaJSConnectionError: Connection error: 
    at Socket.onError (/Users/mihirverma/office_space/wizplay/node_modules/kafkajs/src/network/connection.js:210:23)
    at Socket.emit (node:events:508:28)
    at emitErrorNT (node:internal/streams/destroy:170:8)
    at emitErrorCloseNT (node:internal/streams/destroy:129:3)
    at processTicksAndRejections (node:internal/process/task_queues:90:21)
2025-09-15T08:20:59.775Z error: KafkaJSNonRetriableError
  Caused by: KafkaJSConnectionError: Connection error: 
    at Socket.onError (/Users/mihirverma/office_space/wizplay/node_modules/kafkajs/src/network/connection.js:210:23)
    at Socket.emit (node:events:508:28)
    at emitErrorNT (node:internal/streams/destroy:170:8)
    at emitErrorCloseNT (node:internal/streams/destroy:129:3)
    at processTicksAndRejections (node:internal/process/task_queues:90:21)
2025-09-15T08:21:25.031Z error: KafkaJSNonRetriableError
  Caused by: KafkaJSConnectionError: Connection error: 
    at Socket.onError (/Users/mihirverma/office_space/wizplay/node_modules/kafkajs/src/network/connection.js:210:23)
    at Socket.emit (node:events:508:28)
    at emitErrorNT (node:internal/streams/destroy:170:8)
    at emitErrorCloseNT (node:internal/streams/destroy:129:3)
    at processTicksAndRejections (node:internal/process/task_queues:90:21)
2025-09-15T08:21:54.121Z error: KafkaJSNonRetriableError
  Caused by: KafkaJSConnectionError: Connection error: 
    at Socket.onError (/Users/mihirverma/office_space/wizplay/node_modules/kafkajs/src/network/connection.js:210:23)
    at Socket.emit (node:events:508:28)
    at emitErrorNT (node:internal/streams/destroy:170:8)
    at emitErrorCloseNT (node:internal/streams/destroy:129:3)
    at processTicksAndRejections (node:internal/process/task_queues:90:21)
2025-09-15T08:22:17.550Z error: KafkaJSNonRetriableError
  Caused by: KafkaJSConnectionError: Connection error: 
    at Socket.onError (/Users/mihirverma/office_space/wizplay/node_modules/kafkajs/src/network/connection.js:210:23)
    at Socket.emit (node:events:508:28)
    at emitErrorNT (node:internal/streams/destroy:170:8)
    at emitErrorCloseNT (node:internal/streams/destroy:129:3)
    at processTicksAndRejections (node:internal/process/task_queues:90:21)
2025-09-15T08:22:42.166Z error: KafkaJSNonRetriableError
  Caused by: KafkaJSConnectionError: Connection error: 
    at Socket.onError (/Users/mihirverma/office_space/wizplay/node_modules/kafkajs/src/network/connection.js:210:23)
    at Socket.emit (node:events:508:28)
    at emitErrorNT (node:internal/streams/destroy:170:8)
    at emitErrorCloseNT (node:internal/streams/destroy:129:3)
    at processTicksAndRejections (node:internal/process/task_queues:90:21)
2025-09-15T08:23:06.465Z error: KafkaJSNonRetriableError
  Caused by: KafkaJSConnectionError: Connection error: 
    at Socket.onError (/Users/mihirverma/office_space/wizplay/node_modules/kafkajs/src/network/connection.js:210:23)
    at Socket.emit (node:events:508:28)
    at emitErrorNT (node:internal/streams/destroy:170:8)
    at emitErrorCloseNT (node:internal/streams/destroy:129:3)
    at processTicksAndRejections (node:internal/process/task_queues:90:21)
2025-09-15T08:23:28.466Z error: KafkaJSNonRetriableError
  Caused by: KafkaJSConnectionError: Connection error: 
    at Socket.onError (/Users/mihirverma/office_space/wizplay/node_modules/kafkajs/src/network/connection.js:210:23)
    at Socket.emit (node:events:508:28)
    at emitErrorNT (node:internal/streams/destroy:170:8)
    at emitErrorCloseNT (node:internal/streams/destroy:129:3)
    at processTicksAndRejections (node:internal/process/task_queues:90:21)
2025-09-15T08:23:52.226Z error: KafkaJSNonRetriableError
  Caused by: KafkaJSConnectionError: Connection error: 
    at Socket.onError (/Users/mihirverma/office_space/wizplay/node_modules/kafkajs/src/network/connection.js:210:23)
    at Socket.emit (node:events:508:28)
    at emitErrorNT (node:internal/streams/destroy:170:8)
    at emitErrorCloseNT (node:internal/streams/destroy:129:3)
    at processTicksAndRejections (node:internal/process/task_queues:90:21)
2025-09-15T08:24:13.919Z error: KafkaJSNonRetriableError
  Caused by: KafkaJSConnectionError: Connection error: 
    at Socket.onError (/Users/mihirverma/office_space/wizplay/node_modules/kafkajs/src/network/connection.js:210:23)
    at Socket.emit (node:events:508:28)
    at emitErrorNT (node:internal/streams/destroy:170:8)
    at emitErrorCloseNT (node:internal/streams/destroy:129:3)
    at processTicksAndRejections (node:internal/process/task_queues:90:21)
2025-09-15T08:24:39.130Z error: KafkaJSNonRetriableError
  Caused by: KafkaJSConnectionError: Connection error: 
    at Socket.onError (/Users/mihirverma/office_space/wizplay/node_modules/kafkajs/src/network/connection.js:210:23)
    at Socket.emit (node:events:508:28)
    at emitErrorNT (node:internal/streams/destroy:170:8)
    at emitErrorCloseNT (node:internal/streams/destroy:129:3)
    at processTicksAndRejections (node:internal/process/task_queues:90:21)
2025-09-15T08:25:02.720Z error: KafkaJSNonRetriableError
  Caused by: KafkaJSConnectionError: Connection error: 
    at Socket.onError (/Users/mihirverma/office_space/wizplay/node_modules/kafkajs/src/network/connection.js:210:23)
    at Socket.emit (node:events:508:28)
    at emitErrorNT (node:internal/streams/destroy:170:8)
    at emitErrorCloseNT (node:internal/streams/destroy:129:3)
    at processTicksAndRejections (node:internal/process/task_queues:90:21)
2025-09-15T08:25:24.457Z error: KafkaJSNonRetriableError
  Caused by: KafkaJSConnectionError: Connection error: 
    at Socket.onError (/Users/mihirverma/office_space/wizplay/node_modules/kafkajs/src/network/connection.js:210:23)
    at Socket.emit (node:events:508:28)
    at emitErrorNT (node:internal/streams/destroy:170:8)
    at emitErrorCloseNT (node:internal/streams/destroy:129:3)
    at processTicksAndRejections (node:internal/process/task_queues:90:21)
2025-09-15T08:25:47.163Z error: KafkaJSNonRetriableError
  Caused by: KafkaJSConnectionError: Connection error: 
    at Socket.onError (/Users/mihirverma/office_space/wizplay/node_modules/kafkajs/src/network/connection.js:210:23)
    at Socket.emit (node:events:508:28)
    at emitErrorNT (node:internal/streams/destroy:170:8)
    at emitErrorCloseNT (node:internal/streams/destroy:129:3)
    at processTicksAndRejections (node:internal/process/task_queues:90:21)
2025-09-15T08:26:10.219Z error: KafkaJSNonRetriableError
  Caused by: KafkaJSConnectionError: Connection error: 
    at Socket.onError (/Users/mihirverma/office_space/wizplay/node_modules/kafkajs/src/network/connection.js:210:23)
    at Socket.emit (node:events:508:28)
    at emitErrorNT (node:internal/streams/destroy:170:8)
    at emitErrorCloseNT (node:internal/streams/destroy:129:3)
    at processTicksAndRejections (node:internal/process/task_queues:90:21)
2025-09-15T08:26:39.186Z error: KafkaJSNonRetriableError
  Caused by: KafkaJSConnectionError: Connection error: 
    at Socket.onError (/Users/mihirverma/office_space/wizplay/node_modules/kafkajs/src/network/connection.js:210:23)
    at Socket.emit (node:events:508:28)
    at emitErrorNT (node:internal/streams/destroy:170:8)
    at emitErrorCloseNT (node:internal/streams/destroy:129:3)
    at processTicksAndRejections (node:internal/process/task_queues:90:21)
2025-09-15T08:27:03.393Z error: KafkaJSNonRetriableError
  Caused by: KafkaJSConnectionError: Connection error: 
    at Socket.onError (/Users/mihirverma/office_space/wizplay/node_modules/kafkajs/src/network/connection.js:210:23)
    at Socket.emit (node:events:508:28)
    at emitErrorNT (node:internal/streams/destroy:170:8)
    at emitErrorCloseNT (node:internal/streams/destroy:129:3)
    at processTicksAndRejections (node:internal/process/task_queues:90:21)
2025-09-15T08:27:26.172Z error: KafkaJSNonRetriableError
  Caused by: KafkaJSConnectionError: Connection error: 
    at Socket.onError (/Users/mihirverma/office_space/wizplay/node_modules/kafkajs/src/network/connection.js:210:23)
    at Socket.emit (node:events:508:28)
    at emitErrorNT (node:internal/streams/destroy:170:8)
    at emitErrorCloseNT (node:internal/streams/destroy:129:3)
    at processTicksAndRejections (node:internal/process/task_queues:90:21)
2025-09-15T08:27:51.460Z error: KafkaJSNonRetriableError
  Caused by: KafkaJSConnectionError: Connection error: 
    at Socket.onError (/Users/mihirverma/office_space/wizplay/node_modules/kafkajs/src/network/connection.js:210:23)
    at Socket.emit (node:events:508:28)
    at emitErrorNT (node:internal/streams/destroy:170:8)
    at emitErrorCloseNT (node:internal/streams/destroy:129:3)
    at processTicksAndRejections (node:internal/process/task_queues:90:21)
2025-09-15T08:28:13.676Z error: KafkaJSNonRetriableError
  Caused by: KafkaJSConnectionError: Connection error: 
    at Socket.onError (/Users/mihirverma/office_space/wizplay/node_modules/kafkajs/src/network/connection.js:210:23)
    at Socket.emit (node:events:508:28)
    at emitErrorNT (node:internal/streams/destroy:170:8)
    at emitErrorCloseNT (node:internal/streams/destroy:129:3)
    at processTicksAndRejections (node:internal/process/task_queues:90:21)
2025-09-15T08:28:35.980Z error: KafkaJSNonRetriableError
  Caused by: KafkaJSConnectionError: Connection error: 
    at Socket.onError (/Users/mihirverma/office_space/wizplay/node_modules/kafkajs/src/network/connection.js:210:23)
    at Socket.emit (node:events:508:28)
    at emitErrorNT (node:internal/streams/destroy:170:8)
    at emitErrorCloseNT (node:internal/streams/destroy:129:3)
    at processTicksAndRejections (node:internal/process/task_queues:90:21)
2025-09-15T08:28:58.470Z error: KafkaJSNonRetriableError
  Caused by: KafkaJSConnectionError: Connection error: 
    at Socket.onError (/Users/mihirverma/office_space/wizplay/node_modules/kafkajs/src/network/connection.js:210:23)
    at Socket.emit (node:events:508:28)
    at emitErrorNT (node:internal/streams/destroy:170:8)
    at emitErrorCloseNT (node:internal/streams/destroy:129:3)
    at processTicksAndRejections (node:internal/process/task_queues:90:21)
2025-09-15T08:29:24.645Z error: KafkaJSNonRetriableError
  Caused by: KafkaJSConnectionError: Connection error: 
    at Socket.onError (/Users/mihirverma/office_space/wizplay/node_modules/kafkajs/src/network/connection.js:210:23)
    at Socket.emit (node:events:508:28)
    at emitErrorNT (node:internal/streams/destroy:170:8)
    at emitErrorCloseNT (node:internal/streams/destroy:129:3)
    at processTicksAndRejections (node:internal/process/task_queues:90:21)
2025-09-15T08:29:50.614Z error: KafkaJSNonRetriableError
  Caused by: KafkaJSConnectionError: Connection error: 
    at Socket.onError (/Users/mihirverma/office_space/wizplay/node_modules/kafkajs/src/network/connection.js:210:23)
    at Socket.emit (node:events:508:28)
    at emitErrorNT (node:internal/streams/destroy:170:8)
    at emitErrorCloseNT (node:internal/streams/destroy:129:3)
    at processTicksAndRejections (node:internal/process/task_queues:90:21)
2025-09-15T08:30:13.782Z error: KafkaJSNonRetriableError
  Caused by: KafkaJSConnectionError: Connection error: 
    at Socket.onError (/Users/mihirverma/office_space/wizplay/node_modules/kafkajs/src/network/connection.js:210:23)
    at Socket.emit (node:events:508:28)
    at emitErrorNT (node:internal/streams/destroy:170:8)
    at emitErrorCloseNT (node:internal/streams/destroy:129:3)
    at processTicksAndRejections (node:internal/process/task_queues:90:21)
2025-09-15T08:30:39.860Z error: KafkaJSNonRetriableError
  Caused by: KafkaJSConnectionError: Connection error: 
    at Socket.onError (/Users/mihirverma/office_space/wizplay/node_modules/kafkajs/src/network/connection.js:210:23)
    at Socket.emit (node:events:508:28)
    at emitErrorNT (node:internal/streams/destroy:170:8)
    at emitErrorCloseNT (node:internal/streams/destroy:129:3)
    at processTicksAndRejections (node:internal/process/task_queues:90:21)
2025-09-15T08:31:07.040Z error: KafkaJSNonRetriableError
  Caused by: KafkaJSConnectionError: Connection error: 
    at Socket.onError (/Users/mihirverma/office_space/wizplay/node_modules/kafkajs/src/network/connection.js:210:23)
    at Socket.emit (node:events:508:28)
    at emitErrorNT (node:internal/streams/destroy:170:8)
    at emitErrorCloseNT (node:internal/streams/destroy:129:3)
    at processTicksAndRejections (node:internal/process/task_queues:90:21)
2025-09-15T08:31:32.597Z error: KafkaJSNonRetriableError
  Caused by: KafkaJSConnectionError: Connection error: 
    at Socket.onError (/Users/mihirverma/office_space/wizplay/node_modules/kafkajs/src/network/connection.js:210:23)
    at Socket.emit (node:events:508:28)
    at emitErrorNT (node:internal/streams/destroy:170:8)
    at emitErrorCloseNT (node:internal/streams/destroy:129:3)
    at processTicksAndRejections (node:internal/process/task_queues:90:21)
2025-09-15T08:31:57.863Z error: KafkaJSNonRetriableError
  Caused by: KafkaJSConnectionError: Connection error: 
    at Socket.onError (/Users/mihirverma/office_space/wizplay/node_modules/kafkajs/src/network/connection.js:210:23)
    at Socket.emit (node:events:508:28)
    at emitErrorNT (node:internal/streams/destroy:170:8)
    at emitErrorCloseNT (node:internal/streams/destroy:129:3)
    at processTicksAndRejections (node:internal/process/task_queues:90:21)
2025-09-15T08:32:21.153Z error: KafkaJSNonRetriableError
  Caused by: KafkaJSConnectionError: Connection error: 
    at Socket.onError (/Users/mihirverma/office_space/wizplay/node_modules/kafkajs/src/network/connection.js:210:23)
    at Socket.emit (node:events:508:28)
    at emitErrorNT (node:internal/streams/destroy:170:8)
    at emitErrorCloseNT (node:internal/streams/destroy:129:3)
    at processTicksAndRejections (node:internal/process/task_queues:90:21)
2025-09-15T08:32:47.087Z error: KafkaJSNonRetriableError
  Caused by: KafkaJSConnectionError: Connection error: 
    at Socket.onError (/Users/mihirverma/office_space/wizplay/node_modules/kafkajs/src/network/connection.js:210:23)
    at Socket.emit (node:events:508:28)
    at emitErrorNT (node:internal/streams/destroy:170:8)
    at emitErrorCloseNT (node:internal/streams/destroy:129:3)
    at processTicksAndRejections (node:internal/process/task_queues:90:21)
2025-09-15T08:33:12.967Z error: KafkaJSNonRetriableError
  Caused by: KafkaJSConnectionError: Connection error: 
    at Socket.onError (/Users/mihirverma/office_space/wizplay/node_modules/kafkajs/src/network/connection.js:210:23)
    at Socket.emit (node:events:508:28)
    at emitErrorNT (node:internal/streams/destroy:170:8)
    at emitErrorCloseNT (node:internal/streams/destroy:129:3)
    at processTicksAndRejections (node:internal/process/task_queues:90:21)
2025-09-15T08:33:35.727Z error: KafkaJSNonRetriableError
  Caused by: KafkaJSConnectionError: Connection error: 
    at Socket.onError (/Users/mihirverma/office_space/wizplay/node_modules/kafkajs/src/network/connection.js:210:23)
    at Socket.emit (node:events:508:28)
    at emitErrorNT (node:internal/streams/destroy:170:8)
    at emitErrorCloseNT (node:internal/streams/destroy:129:3)
    at processTicksAndRejections (node:internal/process/task_queues:90:21)
2025-09-15T08:33:59.868Z error: KafkaJSNonRetriableError
  Caused by: KafkaJSConnectionError: Connection error: 
    at Socket.onError (/Users/mihirverma/office_space/wizplay/node_modules/kafkajs/src/network/connection.js:210:23)
    at Socket.emit (node:events:508:28)
    at emitErrorNT (node:internal/streams/destroy:170:8)
    at emitErrorCloseNT (node:internal/streams/destroy:129:3)
    at processTicksAndRejections (node:internal/process/task_queues:90:21)
2025-09-15T08:34:30.037Z error: KafkaJSNonRetriableError
  Caused by: KafkaJSConnectionError: Connection error: 
    at Socket.onError (/Users/mihirverma/office_space/wizplay/node_modules/kafkajs/src/network/connection.js:210:23)
    at Socket.emit (node:events:508:28)
    at emitErrorNT (node:internal/streams/destroy:170:8)
    at emitErrorCloseNT (node:internal/streams/destroy:129:3)
    at processTicksAndRejections (node:internal/process/task_queues:90:21)
2025-09-15T08:34:59.505Z error: KafkaJSNonRetriableError
  Caused by: KafkaJSConnectionError: Connection error: 
    at Socket.onError (/Users/mihirverma/office_space/wizplay/node_modules/kafkajs/src/network/connection.js:210:23)
    at Socket.emit (node:events:508:28)
    at emitErrorNT (node:internal/streams/destroy:170:8)
    at emitErrorCloseNT (node:internal/streams/destroy:129:3)
    at processTicksAndRejections (node:internal/process/task_queues:90:21)
2025-09-15T08:35:21.334Z error: KafkaJSNonRetriableError
  Caused by: KafkaJSConnectionError: Connection error: 
    at Socket.onError (/Users/mihirverma/office_space/wizplay/node_modules/kafkajs/src/network/connection.js:210:23)
    at Socket.emit (node:events:508:28)
    at emitErrorNT (node:internal/streams/destroy:170:8)
    at emitErrorCloseNT (node:internal/streams/destroy:129:3)
    at processTicksAndRejections (node:internal/process/task_queues:90:21)
2025-09-15T08:35:48.537Z error: KafkaJSNonRetriableError
  Caused by: KafkaJSConnectionError: Connection error: 
    at Socket.onError (/Users/mihirverma/office_space/wizplay/node_modules/kafkajs/src/network/connection.js:210:23)
    at Socket.emit (node:events:508:28)
    at emitErrorNT (node:internal/streams/destroy:170:8)
    at emitErrorCloseNT (node:internal/streams/destroy:129:3)
    at processTicksAndRejections (node:internal/process/task_queues:90:21)
2025-09-15T08:36:14.420Z error: KafkaJSNonRetriableError
  Caused by: KafkaJSConnectionError: Connection error: 
    at Socket.onError (/Users/mihirverma/office_space/wizplay/node_modules/kafkajs/src/network/connection.js:210:23)
    at Socket.emit (node:events:508:28)
    at emitErrorNT (node:internal/streams/destroy:170:8)
    at emitErrorCloseNT (node:internal/streams/destroy:129:3)
    at processTicksAndRejections (node:internal/process/task_queues:90:21)
2025-09-15T08:36:36.038Z error: KafkaJSNonRetriableError
  Caused by: KafkaJSConnectionError: Connection error: 
    at Socket.onError (/Users/mihirverma/office_space/wizplay/node_modules/kafkajs/src/network/connection.js:210:23)
    at Socket.emit (node:events:508:28)
    at emitErrorNT (node:internal/streams/destroy:170:8)
    at emitErrorCloseNT (node:internal/streams/destroy:129:3)
    at processTicksAndRejections (node:internal/process/task_queues:90:21)
2025-09-15T08:37:01.628Z error: KafkaJSNonRetriableError
  Caused by: KafkaJSConnectionError: Connection error: 
    at Socket.onError (/Users/mihirverma/office_space/wizplay/node_modules/kafkajs/src/network/connection.js:210:23)
    at Socket.emit (node:events:508:28)
    at emitErrorNT (node:internal/streams/destroy:170:8)
    at emitErrorCloseNT (node:internal/streams/destroy:129:3)
    at processTicksAndRejections (node:internal/process/task_queues:90:21)
