2025-09-14T09:19:10.738Z info: [apps/match_service/src/configs/database.config.ts:36] Database connection established ✅
2025-09-14T09:19:11.284Z info: [apps/match_service/src/configs/redis.config.ts:23] Redis client is ready to use
2025-09-14T09:19:11.285Z info: [apps/match_service/src/app.ts:13] Waiting for Kafka to be ready...
2025-09-14T09:19:16.325Z info: [apps/match_service/src/app.ts:18] Successfully created topics
2025-09-14T09:19:19.391Z info: [apps/match_service/src/app.ts:22] Successfully subscribed to user events
2025-09-14T09:19:19.392Z info: [apps/match_service/src/app.ts:34] Waiting for crons to be initialized...
2025-09-14T09:19:19.410Z info: [apps/match_service/src/app.ts:36] Cron jobs scheduled successfully
2025-09-14T09:19:19.412Z info: [apps/match_service/src/server.ts:18] Server started at PORT: 4003
2025-09-14T09:20:00.015Z info: [apps/match_service/src/utils/jobs/match.ts:90] [MATCH-CRON] cron job scheduled
2025-09-14T09:20:00.779Z info: [apps/match_service/src/utils/jobs/match.ts:41] [MATCH-CRON] auth response: 200
2025-09-14T09:20:01.431Z info: [apps/match_service/src/utils/jobs/match.ts:64] [MATCH-CRON] match response: 200
2025-09-14T09:20:01.681Z info: [apps/match_service/src/repositories/tournament.repository.ts:28] Inserted bulk data inside tournaments
2025-09-14T09:20:01.697Z info: [apps/match_service/src/repositories/match.repository.ts:28] Inserted bulk data inside matches
2025-09-14T09:20:01.697Z info: [apps/match_service/src/utils/jobs/match.ts:96] [MATCH-CRON] cron job executed
2025-09-14T09:21:00.011Z info: [apps/match_service/src/utils/jobs/match.ts:90] [MATCH-CRON] cron job scheduled
2025-09-14T09:21:00.509Z info: [apps/match_service/src/utils/jobs/match.ts:41] [MATCH-CRON] auth response: 200
2025-09-14T09:21:01.150Z info: [apps/match_service/src/utils/jobs/match.ts:64] [MATCH-CRON] match response: 200
2025-09-14T09:21:01.332Z info: [apps/match_service/src/repositories/tournament.repository.ts:28] Inserted bulk data inside tournaments
2025-09-14T09:21:01.364Z info: [apps/match_service/src/repositories/match.repository.ts:28] Inserted bulk data inside matches
2025-09-14T09:21:01.364Z info: [apps/match_service/src/utils/jobs/match.ts:96] [MATCH-CRON] cron job executed
2025-09-14T09:22:00.005Z info: [apps/match_service/src/utils/jobs/match.ts:90] [MATCH-CRON] cron job scheduled
2025-09-14T09:22:00.342Z info: [apps/match_service/src/utils/jobs/match.ts:41] [MATCH-CRON] auth response: 200
2025-09-14T09:22:00.952Z info: [apps/match_service/src/utils/jobs/match.ts:64] [MATCH-CRON] match response: 200
2025-09-14T09:22:01.042Z info: [apps/match_service/src/repositories/tournament.repository.ts:28] Inserted bulk data inside tournaments
2025-09-14T09:22:01.062Z info: [apps/match_service/src/repositories/match.repository.ts:28] Inserted bulk data inside matches
2025-09-14T09:22:01.062Z info: [apps/match_service/src/utils/jobs/match.ts:96] [MATCH-CRON] cron job executed
2025-09-14T09:23:00.013Z info: [apps/match_service/src/utils/jobs/match.ts:90] [MATCH-CRON] cron job scheduled
2025-09-14T09:23:00.270Z info: [apps/match_service/src/utils/jobs/match.ts:41] [MATCH-CRON] auth response: 200
2025-09-14T09:23:00.983Z info: [apps/match_service/src/utils/jobs/match.ts:64] [MATCH-CRON] match response: 200
2025-09-14T09:23:01.164Z info: [apps/match_service/src/repositories/tournament.repository.ts:28] Inserted bulk data inside tournaments
2025-09-14T09:23:01.177Z info: [apps/match_service/src/repositories/match.repository.ts:28] Inserted bulk data inside matches
2025-09-14T09:23:01.177Z info: [apps/match_service/src/utils/jobs/match.ts:96] [MATCH-CRON] cron job executed
2025-09-14T09:24:00.009Z info: [apps/match_service/src/utils/jobs/match.ts:90] [MATCH-CRON] cron job scheduled
2025-09-14T09:24:00.340Z info: [apps/match_service/src/utils/jobs/match.ts:41] [MATCH-CRON] auth response: 200
2025-09-14T09:24:01.021Z info: [apps/match_service/src/utils/jobs/match.ts:64] [MATCH-CRON] match response: 200
2025-09-14T09:24:01.308Z info: [apps/match_service/src/repositories/tournament.repository.ts:28] Inserted bulk data inside tournaments
2025-09-14T09:24:01.332Z info: [apps/match_service/src/repositories/match.repository.ts:28] Inserted bulk data inside matches
2025-09-14T09:24:01.332Z info: [apps/match_service/src/utils/jobs/match.ts:96] [MATCH-CRON] cron job executed
2025-09-14T09:25:00.007Z info: [apps/match_service/src/utils/jobs/match.ts:90] [MATCH-CRON] cron job scheduled
2025-09-14T09:25:00.231Z info: [apps/match_service/src/utils/jobs/match.ts:41] [MATCH-CRON] auth response: 200
2025-09-14T09:25:00.891Z info: [apps/match_service/src/utils/jobs/match.ts:64] [MATCH-CRON] match response: 200
2025-09-14T09:25:01.173Z info: [apps/match_service/src/repositories/tournament.repository.ts:28] Inserted bulk data inside tournaments
2025-09-14T09:25:01.189Z info: [apps/match_service/src/repositories/match.repository.ts:28] Inserted bulk data inside matches
2025-09-14T09:25:01.190Z info: [apps/match_service/src/utils/jobs/match.ts:96] [MATCH-CRON] cron job executed
2025-09-14T09:26:00.012Z info: [apps/match_service/src/utils/jobs/match.ts:90] [MATCH-CRON] cron job scheduled
2025-09-14T09:26:00.383Z info: [apps/match_service/src/utils/jobs/match.ts:41] [MATCH-CRON] auth response: 200
2025-09-14T09:26:01.079Z info: [apps/match_service/src/utils/jobs/match.ts:64] [MATCH-CRON] match response: 200
2025-09-14T09:26:01.277Z info: [apps/match_service/src/repositories/tournament.repository.ts:28] Inserted bulk data inside tournaments
2025-09-14T09:26:01.301Z info: [apps/match_service/src/repositories/match.repository.ts:28] Inserted bulk data inside matches
2025-09-14T09:26:01.302Z info: [apps/match_service/src/utils/jobs/match.ts:96] [MATCH-CRON] cron job executed
2025-09-14T09:27:00.013Z info: [apps/match_service/src/utils/jobs/match.ts:90] [MATCH-CRON] cron job scheduled
2025-09-14T09:27:00.262Z info: [apps/match_service/src/utils/jobs/match.ts:41] [MATCH-CRON] auth response: 200
2025-09-14T09:27:00.882Z info: [apps/match_service/src/utils/jobs/match.ts:64] [MATCH-CRON] match response: 200
2025-09-14T09:27:00.981Z info: [apps/match_service/src/repositories/tournament.repository.ts:28] Inserted bulk data inside tournaments
2025-09-14T09:27:00.994Z info: [apps/match_service/src/repositories/match.repository.ts:28] Inserted bulk data inside matches
2025-09-14T09:27:00.994Z info: [apps/match_service/src/utils/jobs/match.ts:96] [MATCH-CRON] cron job executed
2025-09-14T09:28:00.011Z info: [apps/match_service/src/utils/jobs/match.ts:90] [MATCH-CRON] cron job scheduled
2025-09-14T09:28:00.344Z info: [apps/match_service/src/utils/jobs/match.ts:41] [MATCH-CRON] auth response: 200
2025-09-14T09:28:00.990Z info: [apps/match_service/src/utils/jobs/match.ts:64] [MATCH-CRON] match response: 200
2025-09-14T09:28:01.081Z info: [apps/match_service/src/repositories/tournament.repository.ts:28] Inserted bulk data inside tournaments
2025-09-14T09:28:01.095Z info: [apps/match_service/src/repositories/match.repository.ts:28] Inserted bulk data inside matches
2025-09-14T09:28:01.095Z info: [apps/match_service/src/utils/jobs/match.ts:96] [MATCH-CRON] cron job executed
2025-09-14T09:29:00.011Z info: [apps/match_service/src/utils/jobs/match.ts:90] [MATCH-CRON] cron job scheduled
2025-09-14T09:29:00.239Z info: [apps/match_service/src/utils/jobs/match.ts:41] [MATCH-CRON] auth response: 200
2025-09-14T09:29:00.911Z info: [apps/match_service/src/utils/jobs/match.ts:64] [MATCH-CRON] match response: 200
2025-09-14T09:29:01.195Z info: [apps/match_service/src/repositories/tournament.repository.ts:28] Inserted bulk data inside tournaments
2025-09-14T09:29:01.217Z info: [apps/match_service/src/repositories/match.repository.ts:28] Inserted bulk data inside matches
2025-09-14T09:29:01.217Z info: [apps/match_service/src/utils/jobs/match.ts:96] [MATCH-CRON] cron job executed
2025-09-14T09:30:00.012Z info: [apps/match_service/src/utils/jobs/match.ts:90] [MATCH-CRON] cron job scheduled
2025-09-14T09:30:00.462Z info: [apps/match_service/src/utils/jobs/match.ts:41] [MATCH-CRON] auth response: 200
2025-09-14T09:30:01.107Z info: [apps/match_service/src/utils/jobs/match.ts:64] [MATCH-CRON] match response: 200
2025-09-14T09:30:01.457Z info: [apps/match_service/src/repositories/tournament.repository.ts:28] Inserted bulk data inside tournaments
2025-09-14T09:30:01.480Z info: [apps/match_service/src/repositories/match.repository.ts:28] Inserted bulk data inside matches
2025-09-14T09:30:01.481Z info: [apps/match_service/src/utils/jobs/match.ts:96] [MATCH-CRON] cron job executed
2025-09-14T09:31:00.011Z info: [apps/match_service/src/utils/jobs/match.ts:90] [MATCH-CRON] cron job scheduled
2025-09-14T09:31:00.260Z info: [apps/match_service/src/utils/jobs/match.ts:41] [MATCH-CRON] auth response: 200
2025-09-14T09:31:00.921Z info: [apps/match_service/src/utils/jobs/match.ts:64] [MATCH-CRON] match response: 200
2025-09-14T09:31:01.070Z info: [apps/match_service/src/repositories/tournament.repository.ts:28] Inserted bulk data inside tournaments
2025-09-14T09:31:01.082Z info: [apps/match_service/src/repositories/match.repository.ts:28] Inserted bulk data inside matches
2025-09-14T09:31:01.082Z info: [apps/match_service/src/utils/jobs/match.ts:96] [MATCH-CRON] cron job executed
2025-09-14T09:32:00.007Z info: [apps/match_service/src/utils/jobs/match.ts:90] [MATCH-CRON] cron job scheduled
2025-09-14T09:32:00.313Z info: [apps/match_service/src/utils/jobs/match.ts:41] [MATCH-CRON] auth response: 200
2025-09-14T09:32:00.947Z info: [apps/match_service/src/utils/jobs/match.ts:64] [MATCH-CRON] match response: 200
2025-09-14T09:32:01.333Z info: [apps/match_service/src/repositories/tournament.repository.ts:28] Inserted bulk data inside tournaments
2025-09-14T09:32:01.352Z info: [apps/match_service/src/repositories/match.repository.ts:28] Inserted bulk data inside matches
2025-09-14T09:32:01.352Z info: [apps/match_service/src/utils/jobs/match.ts:96] [MATCH-CRON] cron job executed
2025-09-14T09:33:00.009Z info: [apps/match_service/src/utils/jobs/match.ts:90] [MATCH-CRON] cron job scheduled
2025-09-14T09:33:00.238Z info: [apps/match_service/src/utils/jobs/match.ts:41] [MATCH-CRON] auth response: 200
2025-09-14T09:33:00.878Z info: [apps/match_service/src/utils/jobs/match.ts:64] [MATCH-CRON] match response: 200
2025-09-14T09:33:01.190Z info: [apps/match_service/src/repositories/tournament.repository.ts:28] Inserted bulk data inside tournaments
2025-09-14T09:33:01.206Z info: [apps/match_service/src/repositories/match.repository.ts:28] Inserted bulk data inside matches
2025-09-14T09:33:01.206Z info: [apps/match_service/src/utils/jobs/match.ts:96] [MATCH-CRON] cron job executed
2025-09-14T09:34:00.006Z info: [apps/match_service/src/utils/jobs/match.ts:90] [MATCH-CRON] cron job scheduled
2025-09-14T09:34:00.338Z info: [apps/match_service/src/utils/jobs/match.ts:41] [MATCH-CRON] auth response: 200
2025-09-14T09:34:00.956Z info: [apps/match_service/src/utils/jobs/match.ts:64] [MATCH-CRON] match response: 200
2025-09-14T09:34:01.100Z info: [apps/match_service/src/repositories/tournament.repository.ts:28] Inserted bulk data inside tournaments
2025-09-14T09:34:01.110Z info: [apps/match_service/src/repositories/match.repository.ts:28] Inserted bulk data inside matches
2025-09-14T09:34:01.110Z info: [apps/match_service/src/utils/jobs/match.ts:96] [MATCH-CRON] cron job executed
2025-09-14T09:35:00.019Z info: [apps/match_service/src/utils/jobs/match.ts:90] [MATCH-CRON] cron job scheduled
2025-09-14T09:35:00.319Z info: [apps/match_service/src/utils/jobs/match.ts:41] [MATCH-CRON] auth response: 200
2025-09-14T09:35:01.306Z info: [apps/match_service/src/utils/jobs/match.ts:64] [MATCH-CRON] match response: 200
2025-09-14T09:35:02.288Z info: [apps/match_service/src/repositories/tournament.repository.ts:28] Inserted bulk data inside tournaments
2025-09-14T09:35:02.301Z info: [apps/match_service/src/repositories/match.repository.ts:28] Inserted bulk data inside matches
2025-09-14T09:35:02.301Z info: [apps/match_service/src/utils/jobs/match.ts:96] [MATCH-CRON] cron job executed
2025-09-14T09:36:00.007Z info: [apps/match_service/src/utils/jobs/match.ts:90] [MATCH-CRON] cron job scheduled
2025-09-14T09:36:00.349Z info: [apps/match_service/src/utils/jobs/match.ts:41] [MATCH-CRON] auth response: 200
2025-09-14T09:36:01.018Z info: [apps/match_service/src/utils/jobs/match.ts:64] [MATCH-CRON] match response: 200
2025-09-14T09:36:02.221Z info: [apps/match_service/src/repositories/tournament.repository.ts:28] Inserted bulk data inside tournaments
2025-09-14T09:36:02.246Z info: [apps/match_service/src/repositories/match.repository.ts:28] Inserted bulk data inside matches
2025-09-14T09:36:02.246Z info: [apps/match_service/src/utils/jobs/match.ts:96] [MATCH-CRON] cron job executed
2025-09-14T09:37:00.012Z info: [apps/match_service/src/utils/jobs/match.ts:90] [MATCH-CRON] cron job scheduled
2025-09-14T09:37:00.260Z info: [apps/match_service/src/utils/jobs/match.ts:41] [MATCH-CRON] auth response: 200
2025-09-14T09:37:00.960Z info: [apps/match_service/src/utils/jobs/match.ts:64] [MATCH-CRON] match response: 200
2025-09-14T09:37:02.218Z info: [apps/match_service/src/repositories/tournament.repository.ts:28] Inserted bulk data inside tournaments
2025-09-14T09:37:02.239Z info: [apps/match_service/src/repositories/match.repository.ts:28] Inserted bulk data inside matches
2025-09-14T09:37:02.239Z info: [apps/match_service/src/utils/jobs/match.ts:96] [MATCH-CRON] cron job executed
2025-09-14T09:38:00.016Z info: [apps/match_service/src/utils/jobs/match.ts:90] [MATCH-CRON] cron job scheduled
2025-09-14T09:38:00.341Z info: [apps/match_service/src/utils/jobs/match.ts:41] [MATCH-CRON] auth response: 200
2025-09-14T09:38:00.990Z info: [apps/match_service/src/utils/jobs/match.ts:64] [MATCH-CRON] match response: 200
2025-09-14T09:38:01.846Z info: [apps/match_service/src/repositories/tournament.repository.ts:28] Inserted bulk data inside tournaments
2025-09-14T09:38:01.871Z info: [apps/match_service/src/repositories/match.repository.ts:28] Inserted bulk data inside matches
2025-09-14T09:38:01.872Z info: [apps/match_service/src/utils/jobs/match.ts:96] [MATCH-CRON] cron job executed
2025-09-14T09:39:00.013Z info: [apps/match_service/src/utils/jobs/match.ts:90] [MATCH-CRON] cron job scheduled
2025-09-14T09:39:00.261Z info: [apps/match_service/src/utils/jobs/match.ts:41] [MATCH-CRON] auth response: 200
2025-09-14T09:39:00.903Z info: [apps/match_service/src/utils/jobs/match.ts:64] [MATCH-CRON] match response: 200
2025-09-14T09:39:01.933Z info: [apps/match_service/src/repositories/tournament.repository.ts:28] Inserted bulk data inside tournaments
2025-09-14T09:39:01.943Z info: [apps/match_service/src/repositories/match.repository.ts:28] Inserted bulk data inside matches
2025-09-14T09:39:01.943Z info: [apps/match_service/src/utils/jobs/match.ts:96] [MATCH-CRON] cron job executed
2025-09-14T09:40:00.002Z info: [apps/match_service/src/utils/jobs/match.ts:90] [MATCH-CRON] cron job scheduled
2025-09-14T09:40:00.348Z info: [apps/match_service/src/utils/jobs/match.ts:41] [MATCH-CRON] auth response: 200
2025-09-14T09:40:00.970Z info: [apps/match_service/src/utils/jobs/match.ts:64] [MATCH-CRON] match response: 200
2025-09-14T09:40:01.339Z info: [apps/match_service/src/repositories/tournament.repository.ts:28] Inserted bulk data inside tournaments
2025-09-14T09:40:01.352Z info: [apps/match_service/src/repositories/match.repository.ts:28] Inserted bulk data inside matches
2025-09-14T09:40:01.352Z info: [apps/match_service/src/utils/jobs/match.ts:96] [MATCH-CRON] cron job executed
2025-09-14T09:41:00.014Z info: [apps/match_service/src/utils/jobs/match.ts:90] [MATCH-CRON] cron job scheduled
2025-09-14T09:41:00.263Z info: [apps/match_service/src/utils/jobs/match.ts:41] [MATCH-CRON] auth response: 200
2025-09-14T09:41:00.865Z info: [apps/match_service/src/utils/jobs/match.ts:64] [MATCH-CRON] match response: 200
2025-09-14T09:41:01.149Z info: [apps/match_service/src/repositories/tournament.repository.ts:28] Inserted bulk data inside tournaments
2025-09-14T09:41:01.164Z info: [apps/match_service/src/repositories/match.repository.ts:28] Inserted bulk data inside matches
2025-09-14T09:41:01.165Z info: [apps/match_service/src/utils/jobs/match.ts:96] [MATCH-CRON] cron job executed
2025-09-14T09:42:00.005Z info: [apps/match_service/src/utils/jobs/match.ts:90] [MATCH-CRON] cron job scheduled
2025-09-14T09:42:00.314Z info: [apps/match_service/src/utils/jobs/match.ts:41] [MATCH-CRON] auth response: 200
2025-09-14T09:42:00.951Z info: [apps/match_service/src/utils/jobs/match.ts:64] [MATCH-CRON] match response: 200
2025-09-14T09:42:01.235Z info: [apps/match_service/src/repositories/tournament.repository.ts:28] Inserted bulk data inside tournaments
2025-09-14T09:42:01.255Z info: [apps/match_service/src/repositories/match.repository.ts:28] Inserted bulk data inside matches
2025-09-14T09:42:01.255Z info: [apps/match_service/src/utils/jobs/match.ts:96] [MATCH-CRON] cron job executed
2025-09-14T09:43:00.012Z info: [apps/match_service/src/utils/jobs/match.ts:90] [MATCH-CRON] cron job scheduled
2025-09-14T09:43:00.243Z info: [apps/match_service/src/utils/jobs/match.ts:41] [MATCH-CRON] auth response: 200
2025-09-14T09:43:00.888Z info: [apps/match_service/src/utils/jobs/match.ts:64] [MATCH-CRON] match response: 200
2025-09-14T09:43:01.151Z info: [apps/match_service/src/repositories/tournament.repository.ts:28] Inserted bulk data inside tournaments
2025-09-14T09:43:01.169Z info: [apps/match_service/src/repositories/match.repository.ts:28] Inserted bulk data inside matches
2025-09-14T09:43:01.170Z info: [apps/match_service/src/utils/jobs/match.ts:96] [MATCH-CRON] cron job executed
2025-09-14T09:44:00.002Z info: [apps/match_service/src/utils/jobs/match.ts:90] [MATCH-CRON] cron job scheduled
2025-09-14T09:44:00.306Z info: [apps/match_service/src/utils/jobs/match.ts:41] [MATCH-CRON] auth response: 200
2025-09-14T09:44:01.150Z info: [apps/match_service/src/utils/jobs/match.ts:64] [MATCH-CRON] match response: 200
2025-09-14T09:44:01.573Z info: [apps/match_service/src/repositories/tournament.repository.ts:28] Inserted bulk data inside tournaments
2025-09-14T09:44:01.585Z info: [apps/match_service/src/repositories/match.repository.ts:28] Inserted bulk data inside matches
2025-09-14T09:44:01.585Z info: [apps/match_service/src/utils/jobs/match.ts:96] [MATCH-CRON] cron job executed
2025-09-14T09:45:00.008Z info: [apps/match_service/src/utils/jobs/match.ts:90] [MATCH-CRON] cron job scheduled
2025-09-14T09:45:00.247Z info: [apps/match_service/src/utils/jobs/match.ts:41] [MATCH-CRON] auth response: 200
2025-09-14T09:45:00.879Z info: [apps/match_service/src/utils/jobs/match.ts:64] [MATCH-CRON] match response: 200
2025-09-14T09:45:01.302Z info: [apps/match_service/src/repositories/tournament.repository.ts:28] Inserted bulk data inside tournaments
2025-09-14T09:45:01.338Z info: [apps/match_service/src/repositories/match.repository.ts:28] Inserted bulk data inside matches
2025-09-14T09:45:01.339Z info: [apps/match_service/src/utils/jobs/match.ts:96] [MATCH-CRON] cron job executed
2025-09-14T09:46:00.007Z info: [apps/match_service/src/utils/jobs/match.ts:90] [MATCH-CRON] cron job scheduled
2025-09-14T09:46:00.475Z info: [apps/match_service/src/utils/jobs/match.ts:41] [MATCH-CRON] auth response: 200
2025-09-14T09:46:01.238Z info: [apps/match_service/src/utils/jobs/match.ts:64] [MATCH-CRON] match response: 200
2025-09-14T09:46:01.635Z info: [apps/match_service/src/repositories/tournament.repository.ts:28] Inserted bulk data inside tournaments
2025-09-14T09:46:01.652Z info: [apps/match_service/src/repositories/match.repository.ts:28] Inserted bulk data inside matches
2025-09-14T09:46:01.652Z info: [apps/match_service/src/utils/jobs/match.ts:96] [MATCH-CRON] cron job executed
2025-09-14T09:47:00.009Z info: [apps/match_service/src/utils/jobs/match.ts:90] [MATCH-CRON] cron job scheduled
2025-09-14T09:47:00.235Z info: [apps/match_service/src/utils/jobs/match.ts:41] [MATCH-CRON] auth response: 200
2025-09-14T09:47:00.893Z info: [apps/match_service/src/utils/jobs/match.ts:64] [MATCH-CRON] match response: 200
2025-09-14T09:47:01.314Z info: [apps/match_service/src/repositories/tournament.repository.ts:28] Inserted bulk data inside tournaments
2025-09-14T09:47:01.331Z info: [apps/match_service/src/repositories/match.repository.ts:28] Inserted bulk data inside matches
2025-09-14T09:47:01.331Z info: [apps/match_service/src/utils/jobs/match.ts:96] [MATCH-CRON] cron job executed
2025-09-14T09:48:00.013Z info: [apps/match_service/src/utils/jobs/match.ts:90] [MATCH-CRON] cron job scheduled
2025-09-14T09:48:00.423Z info: [apps/match_service/src/utils/jobs/match.ts:41] [MATCH-CRON] auth response: 200
2025-09-14T09:48:01.044Z info: [apps/match_service/src/utils/jobs/match.ts:64] [MATCH-CRON] match response: 200
2025-09-14T09:48:02.269Z info: [apps/match_service/src/repositories/tournament.repository.ts:28] Inserted bulk data inside tournaments
2025-09-14T09:48:02.283Z info: [apps/match_service/src/repositories/match.repository.ts:28] Inserted bulk data inside matches
2025-09-14T09:48:02.283Z info: [apps/match_service/src/utils/jobs/match.ts:96] [MATCH-CRON] cron job executed
2025-09-14T09:49:00.012Z info: [apps/match_service/src/utils/jobs/match.ts:90] [MATCH-CRON] cron job scheduled
2025-09-14T09:49:00.246Z info: [apps/match_service/src/utils/jobs/match.ts:41] [MATCH-CRON] auth response: 200
2025-09-14T09:49:00.890Z info: [apps/match_service/src/utils/jobs/match.ts:64] [MATCH-CRON] match response: 200
2025-09-14T09:49:01.276Z info: [apps/match_service/src/repositories/tournament.repository.ts:28] Inserted bulk data inside tournaments
2025-09-14T09:49:01.289Z info: [apps/match_service/src/repositories/match.repository.ts:28] Inserted bulk data inside matches
2025-09-14T09:49:01.289Z info: [apps/match_service/src/utils/jobs/match.ts:96] [MATCH-CRON] cron job executed
2025-09-14T09:50:00.007Z info: [apps/match_service/src/utils/jobs/match.ts:90] [MATCH-CRON] cron job scheduled
2025-09-14T09:50:00.337Z info: [apps/match_service/src/utils/jobs/match.ts:41] [MATCH-CRON] auth response: 200
2025-09-14T09:50:00.985Z info: [apps/match_service/src/utils/jobs/match.ts:64] [MATCH-CRON] match response: 200
2025-09-14T09:50:01.375Z info: [apps/match_service/src/repositories/tournament.repository.ts:28] Inserted bulk data inside tournaments
2025-09-14T09:50:01.395Z info: [apps/match_service/src/repositories/match.repository.ts:28] Inserted bulk data inside matches
2025-09-14T09:50:01.396Z info: [apps/match_service/src/utils/jobs/match.ts:96] [MATCH-CRON] cron job executed
2025-09-14T09:51:00.010Z info: [apps/match_service/src/utils/jobs/match.ts:90] [MATCH-CRON] cron job scheduled
2025-09-14T09:51:00.247Z info: [apps/match_service/src/utils/jobs/match.ts:41] [MATCH-CRON] auth response: 200
2025-09-14T09:51:00.882Z info: [apps/match_service/src/utils/jobs/match.ts:64] [MATCH-CRON] match response: 200
2025-09-14T09:51:01.611Z info: [apps/match_service/src/repositories/tournament.repository.ts:28] Inserted bulk data inside tournaments
2025-09-14T09:51:01.627Z info: [apps/match_service/src/repositories/match.repository.ts:28] Inserted bulk data inside matches
2025-09-14T09:51:01.627Z info: [apps/match_service/src/utils/jobs/match.ts:96] [MATCH-CRON] cron job executed
2025-09-14T09:52:00.009Z info: [apps/match_service/src/utils/jobs/match.ts:90] [MATCH-CRON] cron job scheduled
2025-09-14T09:52:00.315Z info: [apps/match_service/src/utils/jobs/match.ts:41] [MATCH-CRON] auth response: 200
2025-09-14T09:52:00.955Z info: [apps/match_service/src/utils/jobs/match.ts:64] [MATCH-CRON] match response: 200
2025-09-14T09:52:01.386Z info: [apps/match_service/src/repositories/tournament.repository.ts:28] Inserted bulk data inside tournaments
2025-09-14T09:52:01.408Z info: [apps/match_service/src/repositories/match.repository.ts:28] Inserted bulk data inside matches
2025-09-14T09:52:01.409Z info: [apps/match_service/src/utils/jobs/match.ts:96] [MATCH-CRON] cron job executed
2025-09-14T09:53:00.015Z info: [apps/match_service/src/utils/jobs/match.ts:90] [MATCH-CRON] cron job scheduled
2025-09-14T09:53:00.274Z info: [apps/match_service/src/utils/jobs/match.ts:41] [MATCH-CRON] auth response: 200
2025-09-14T09:53:00.922Z info: [apps/match_service/src/utils/jobs/match.ts:64] [MATCH-CRON] match response: 200
2025-09-14T09:53:01.501Z info: [apps/match_service/src/repositories/tournament.repository.ts:28] Inserted bulk data inside tournaments
2025-09-14T09:53:01.524Z info: [apps/match_service/src/repositories/match.repository.ts:28] Inserted bulk data inside matches
2025-09-14T09:53:01.524Z info: [apps/match_service/src/utils/jobs/match.ts:96] [MATCH-CRON] cron job executed
2025-09-14T09:54:00.008Z info: [apps/match_service/src/utils/jobs/match.ts:90] [MATCH-CRON] cron job scheduled
2025-09-14T09:54:00.334Z info: [apps/match_service/src/utils/jobs/match.ts:41] [MATCH-CRON] auth response: 200
2025-09-14T09:54:01.043Z info: [apps/match_service/src/utils/jobs/match.ts:64] [MATCH-CRON] match response: 200
2025-09-14T09:54:01.398Z info: [apps/match_service/src/repositories/tournament.repository.ts:28] Inserted bulk data inside tournaments
2025-09-14T09:54:01.415Z info: [apps/match_service/src/repositories/match.repository.ts:28] Inserted bulk data inside matches
2025-09-14T09:54:01.415Z info: [apps/match_service/src/utils/jobs/match.ts:96] [MATCH-CRON] cron job executed
2025-09-14T09:55:00.025Z info: [apps/match_service/src/utils/jobs/match.ts:90] [MATCH-CRON] cron job scheduled
2025-09-14T09:55:00.257Z info: [apps/match_service/src/utils/jobs/match.ts:41] [MATCH-CRON] auth response: 200
2025-09-14T09:55:00.898Z info: [apps/match_service/src/utils/jobs/match.ts:64] [MATCH-CRON] match response: 200
2025-09-14T09:55:01.234Z info: [apps/match_service/src/repositories/tournament.repository.ts:28] Inserted bulk data inside tournaments
2025-09-14T09:55:01.251Z info: [apps/match_service/src/repositories/match.repository.ts:28] Inserted bulk data inside matches
2025-09-14T09:55:01.251Z info: [apps/match_service/src/utils/jobs/match.ts:96] [MATCH-CRON] cron job executed
2025-09-14T09:56:00.009Z info: [apps/match_service/src/utils/jobs/match.ts:90] [MATCH-CRON] cron job scheduled
2025-09-14T09:56:00.320Z info: [apps/match_service/src/utils/jobs/match.ts:41] [MATCH-CRON] auth response: 200
2025-09-14T09:56:00.936Z info: [apps/match_service/src/utils/jobs/match.ts:64] [MATCH-CRON] match response: 200
2025-09-14T09:56:01.366Z info: [apps/match_service/src/repositories/tournament.repository.ts:28] Inserted bulk data inside tournaments
2025-09-14T09:56:01.382Z info: [apps/match_service/src/repositories/match.repository.ts:28] Inserted bulk data inside matches
2025-09-14T09:56:01.382Z info: [apps/match_service/src/utils/jobs/match.ts:96] [MATCH-CRON] cron job executed
2025-09-14T09:57:00.010Z info: [apps/match_service/src/utils/jobs/match.ts:90] [MATCH-CRON] cron job scheduled
2025-09-14T09:57:00.486Z info: [apps/match_service/src/utils/jobs/match.ts:41] [MATCH-CRON] auth response: 200
2025-09-14T09:57:01.119Z info: [apps/match_service/src/utils/jobs/match.ts:64] [MATCH-CRON] match response: 200
2025-09-14T09:57:01.442Z info: [apps/match_service/src/repositories/tournament.repository.ts:28] Inserted bulk data inside tournaments
2025-09-14T09:57:01.458Z info: [apps/match_service/src/repositories/match.repository.ts:28] Inserted bulk data inside matches
2025-09-14T09:57:01.458Z info: [apps/match_service/src/utils/jobs/match.ts:96] [MATCH-CRON] cron job executed
2025-09-14T09:58:00.006Z info: [apps/match_service/src/utils/jobs/match.ts:90] [MATCH-CRON] cron job scheduled
2025-09-14T09:58:00.316Z info: [apps/match_service/src/utils/jobs/match.ts:41] [MATCH-CRON] auth response: 200
2025-09-14T09:58:00.949Z info: [apps/match_service/src/utils/jobs/match.ts:64] [MATCH-CRON] match response: 200
2025-09-14T09:58:01.252Z info: [apps/match_service/src/repositories/tournament.repository.ts:28] Inserted bulk data inside tournaments
2025-09-14T09:58:01.268Z info: [apps/match_service/src/repositories/match.repository.ts:28] Inserted bulk data inside matches
2025-09-14T09:58:01.269Z info: [apps/match_service/src/utils/jobs/match.ts:96] [MATCH-CRON] cron job executed
2025-09-14T09:59:00.007Z info: [apps/match_service/src/utils/jobs/match.ts:90] [MATCH-CRON] cron job scheduled
2025-09-14T09:59:00.232Z info: [apps/match_service/src/utils/jobs/match.ts:41] [MATCH-CRON] auth response: 200
2025-09-14T09:59:00.858Z info: [apps/match_service/src/utils/jobs/match.ts:64] [MATCH-CRON] match response: 200
2025-09-14T09:59:01.203Z info: [apps/match_service/src/repositories/tournament.repository.ts:28] Inserted bulk data inside tournaments
2025-09-14T09:59:01.221Z info: [apps/match_service/src/repositories/match.repository.ts:28] Inserted bulk data inside matches
2025-09-14T09:59:01.221Z info: [apps/match_service/src/utils/jobs/match.ts:96] [MATCH-CRON] cron job executed
2025-09-14T10:00:00.006Z info: [apps/match_service/src/utils/jobs/match.ts:90] [MATCH-CRON] cron job scheduled
2025-09-14T10:00:00.317Z info: [apps/match_service/src/utils/jobs/match.ts:41] [MATCH-CRON] auth response: 200
2025-09-14T10:00:00.922Z info: [apps/match_service/src/utils/jobs/match.ts:64] [MATCH-CRON] match response: 200
2025-09-14T10:00:01.225Z info: [apps/match_service/src/repositories/tournament.repository.ts:28] Inserted bulk data inside tournaments
2025-09-14T10:00:01.237Z info: [apps/match_service/src/repositories/match.repository.ts:28] Inserted bulk data inside matches
2025-09-14T10:00:01.237Z info: [apps/match_service/src/utils/jobs/match.ts:96] [MATCH-CRON] cron job executed
2025-09-14T10:01:00.012Z info: [apps/match_service/src/utils/jobs/match.ts:90] [MATCH-CRON] cron job scheduled
2025-09-14T10:01:00.316Z info: [apps/match_service/src/utils/jobs/match.ts:41] [MATCH-CRON] auth response: 200
2025-09-14T10:01:00.939Z info: [apps/match_service/src/utils/jobs/match.ts:64] [MATCH-CRON] match response: 200
2025-09-14T10:01:01.284Z info: [apps/match_service/src/repositories/tournament.repository.ts:28] Inserted bulk data inside tournaments
2025-09-14T10:01:01.297Z info: [apps/match_service/src/repositories/match.repository.ts:28] Inserted bulk data inside matches
2025-09-14T10:01:01.297Z info: [apps/match_service/src/utils/jobs/match.ts:96] [MATCH-CRON] cron job executed
2025-09-14T10:02:00.009Z info: [apps/match_service/src/utils/jobs/match.ts:90] [MATCH-CRON] cron job scheduled
2025-09-14T10:02:00.478Z info: [apps/match_service/src/utils/jobs/match.ts:41] [MATCH-CRON] auth response: 200
2025-09-14T10:02:01.156Z info: [apps/match_service/src/utils/jobs/match.ts:64] [MATCH-CRON] match response: 200
2025-09-14T10:02:01.461Z info: [apps/match_service/src/repositories/tournament.repository.ts:28] Inserted bulk data inside tournaments
2025-09-14T10:02:01.495Z info: [apps/match_service/src/repositories/match.repository.ts:28] Inserted bulk data inside matches
2025-09-14T10:02:01.495Z info: [apps/match_service/src/utils/jobs/match.ts:96] [MATCH-CRON] cron job executed
2025-09-14T10:03:00.005Z info: [apps/match_service/src/utils/jobs/match.ts:90] [MATCH-CRON] cron job scheduled
2025-09-14T10:03:00.231Z info: [apps/match_service/src/utils/jobs/match.ts:41] [MATCH-CRON] auth response: 200
2025-09-14T10:03:00.858Z info: [apps/match_service/src/utils/jobs/match.ts:64] [MATCH-CRON] match response: 200
2025-09-14T10:03:01.155Z info: [apps/match_service/src/repositories/tournament.repository.ts:28] Inserted bulk data inside tournaments
2025-09-14T10:03:01.166Z info: [apps/match_service/src/repositories/match.repository.ts:28] Inserted bulk data inside matches
2025-09-14T10:03:01.166Z info: [apps/match_service/src/utils/jobs/match.ts:96] [MATCH-CRON] cron job executed
2025-09-14T10:04:00.009Z info: [apps/match_service/src/utils/jobs/match.ts:90] [MATCH-CRON] cron job scheduled
2025-09-14T10:04:00.339Z info: [apps/match_service/src/utils/jobs/match.ts:41] [MATCH-CRON] auth response: 200
2025-09-14T10:04:01.033Z info: [apps/match_service/src/utils/jobs/match.ts:64] [MATCH-CRON] match response: 200
2025-09-14T10:04:01.566Z info: [apps/match_service/src/repositories/tournament.repository.ts:28] Inserted bulk data inside tournaments
2025-09-14T10:04:01.586Z info: [apps/match_service/src/repositories/match.repository.ts:28] Inserted bulk data inside matches
2025-09-14T10:04:01.586Z info: [apps/match_service/src/utils/jobs/match.ts:96] [MATCH-CRON] cron job executed
2025-09-14T10:05:00.005Z info: [apps/match_service/src/utils/jobs/match.ts:90] [MATCH-CRON] cron job scheduled
2025-09-14T10:05:00.240Z info: [apps/match_service/src/utils/jobs/match.ts:41] [MATCH-CRON] auth response: 200
2025-09-14T10:05:00.898Z info: [apps/match_service/src/utils/jobs/match.ts:64] [MATCH-CRON] match response: 200
2025-09-14T10:05:01.274Z info: [apps/match_service/src/repositories/tournament.repository.ts:28] Inserted bulk data inside tournaments
2025-09-14T10:05:01.289Z info: [apps/match_service/src/repositories/match.repository.ts:28] Inserted bulk data inside matches
2025-09-14T10:05:01.289Z info: [apps/match_service/src/utils/jobs/match.ts:96] [MATCH-CRON] cron job executed
2025-09-14T10:06:00.009Z info: [apps/match_service/src/utils/jobs/match.ts:90] [MATCH-CRON] cron job scheduled
2025-09-14T10:06:00.337Z info: [apps/match_service/src/utils/jobs/match.ts:41] [MATCH-CRON] auth response: 200
2025-09-14T10:06:00.974Z info: [apps/match_service/src/utils/jobs/match.ts:64] [MATCH-CRON] match response: 200
2025-09-14T10:06:01.360Z info: [apps/match_service/src/repositories/tournament.repository.ts:28] Inserted bulk data inside tournaments
2025-09-14T10:06:01.372Z info: [apps/match_service/src/repositories/match.repository.ts:28] Inserted bulk data inside matches
2025-09-14T10:06:01.372Z info: [apps/match_service/src/utils/jobs/match.ts:96] [MATCH-CRON] cron job executed
2025-09-14T10:07:00.010Z info: [apps/match_service/src/utils/jobs/match.ts:90] [MATCH-CRON] cron job scheduled
2025-09-14T10:07:00.435Z info: [apps/match_service/src/utils/jobs/match.ts:41] [MATCH-CRON] auth response: 200
2025-09-14T10:07:01.214Z info: [apps/match_service/src/utils/jobs/match.ts:64] [MATCH-CRON] match response: 200
2025-09-14T10:07:01.662Z info: [apps/match_service/src/repositories/tournament.repository.ts:28] Inserted bulk data inside tournaments
2025-09-14T10:07:01.681Z info: [apps/match_service/src/repositories/match.repository.ts:28] Inserted bulk data inside matches
2025-09-14T10:07:01.681Z info: [apps/match_service/src/utils/jobs/match.ts:96] [MATCH-CRON] cron job executed
2025-09-14T10:08:00.007Z info: [apps/match_service/src/utils/jobs/match.ts:90] [MATCH-CRON] cron job scheduled
2025-09-14T10:08:00.326Z info: [apps/match_service/src/utils/jobs/match.ts:41] [MATCH-CRON] auth response: 200
2025-09-14T10:08:00.945Z info: [apps/match_service/src/utils/jobs/match.ts:64] [MATCH-CRON] match response: 200
2025-09-14T10:08:01.384Z info: [apps/match_service/src/repositories/tournament.repository.ts:28] Inserted bulk data inside tournaments
2025-09-14T10:08:01.401Z info: [apps/match_service/src/repositories/match.repository.ts:28] Inserted bulk data inside matches
2025-09-14T10:08:01.402Z info: [apps/match_service/src/utils/jobs/match.ts:96] [MATCH-CRON] cron job executed
2025-09-14T10:09:00.009Z info: [apps/match_service/src/utils/jobs/match.ts:90] [MATCH-CRON] cron job scheduled
2025-09-14T10:09:00.237Z info: [apps/match_service/src/utils/jobs/match.ts:41] [MATCH-CRON] auth response: 200
2025-09-14T10:09:00.852Z info: [apps/match_service/src/utils/jobs/match.ts:64] [MATCH-CRON] match response: 200
2025-09-14T10:09:01.236Z info: [apps/match_service/src/repositories/tournament.repository.ts:28] Inserted bulk data inside tournaments
2025-09-14T10:09:01.255Z info: [apps/match_service/src/repositories/match.repository.ts:28] Inserted bulk data inside matches
2025-09-14T10:09:01.256Z info: [apps/match_service/src/utils/jobs/match.ts:96] [MATCH-CRON] cron job executed
2025-09-14T10:10:00.006Z info: [apps/match_service/src/utils/jobs/match.ts:90] [MATCH-CRON] cron job scheduled
2025-09-14T10:10:00.317Z info: [apps/match_service/src/utils/jobs/match.ts:41] [MATCH-CRON] auth response: 200
2025-09-14T10:10:00.950Z info: [apps/match_service/src/utils/jobs/match.ts:64] [MATCH-CRON] match response: 200
2025-09-14T10:10:01.347Z info: [apps/match_service/src/repositories/tournament.repository.ts:28] Inserted bulk data inside tournaments
2025-09-14T10:10:01.364Z info: [apps/match_service/src/repositories/match.repository.ts:28] Inserted bulk data inside matches
2025-09-14T10:10:01.365Z info: [apps/match_service/src/utils/jobs/match.ts:96] [MATCH-CRON] cron job executed
2025-09-14T10:11:00.016Z info: [apps/match_service/src/utils/jobs/match.ts:90] [MATCH-CRON] cron job scheduled
2025-09-14T10:11:00.239Z info: [apps/match_service/src/utils/jobs/match.ts:41] [MATCH-CRON] auth response: 200
2025-09-14T10:11:00.943Z info: [apps/match_service/src/utils/jobs/match.ts:64] [MATCH-CRON] match response: 200
2025-09-14T10:11:01.334Z info: [apps/match_service/src/repositories/tournament.repository.ts:28] Inserted bulk data inside tournaments
2025-09-14T10:11:01.345Z info: [apps/match_service/src/repositories/match.repository.ts:28] Inserted bulk data inside matches
2025-09-14T10:11:01.345Z info: [apps/match_service/src/utils/jobs/match.ts:96] [MATCH-CRON] cron job executed
2025-09-14T10:12:00.009Z info: [apps/match_service/src/utils/jobs/match.ts:90] [MATCH-CRON] cron job scheduled
2025-09-14T10:12:00.328Z info: [apps/match_service/src/utils/jobs/match.ts:41] [MATCH-CRON] auth response: 200
2025-09-14T10:12:00.979Z info: [apps/match_service/src/utils/jobs/match.ts:64] [MATCH-CRON] match response: 200
2025-09-14T10:12:01.381Z info: [apps/match_service/src/repositories/tournament.repository.ts:28] Inserted bulk data inside tournaments
2025-09-14T10:12:01.397Z info: [apps/match_service/src/repositories/match.repository.ts:28] Inserted bulk data inside matches
2025-09-14T10:12:01.397Z info: [apps/match_service/src/utils/jobs/match.ts:96] [MATCH-CRON] cron job executed
2025-09-14T10:13:00.006Z info: [apps/match_service/src/utils/jobs/match.ts:90] [MATCH-CRON] cron job scheduled
2025-09-14T10:13:00.344Z info: [apps/match_service/src/utils/jobs/match.ts:41] [MATCH-CRON] auth response: 200
2025-09-14T10:13:00.982Z info: [apps/match_service/src/utils/jobs/match.ts:64] [MATCH-CRON] match response: 200
2025-09-14T10:13:01.415Z info: [apps/match_service/src/repositories/tournament.repository.ts:28] Inserted bulk data inside tournaments
2025-09-14T10:13:01.431Z info: [apps/match_service/src/repositories/match.repository.ts:28] Inserted bulk data inside matches
2025-09-14T10:13:01.431Z info: [apps/match_service/src/utils/jobs/match.ts:96] [MATCH-CRON] cron job executed
2025-09-14T10:14:00.010Z info: [apps/match_service/src/utils/jobs/match.ts:90] [MATCH-CRON] cron job scheduled
2025-09-14T10:14:00.347Z info: [apps/match_service/src/utils/jobs/match.ts:41] [MATCH-CRON] auth response: 200
2025-09-14T10:14:01.004Z info: [apps/match_service/src/utils/jobs/match.ts:64] [MATCH-CRON] match response: 200
2025-09-14T10:14:01.436Z info: [apps/match_service/src/repositories/tournament.repository.ts:28] Inserted bulk data inside tournaments
2025-09-14T10:14:01.457Z info: [apps/match_service/src/repositories/match.repository.ts:28] Inserted bulk data inside matches
2025-09-14T10:14:01.457Z info: [apps/match_service/src/utils/jobs/match.ts:96] [MATCH-CRON] cron job executed
2025-09-14T10:15:00.009Z info: [apps/match_service/src/utils/jobs/match.ts:90] [MATCH-CRON] cron job scheduled
2025-09-14T10:15:00.224Z info: [apps/match_service/src/utils/jobs/match.ts:41] [MATCH-CRON] auth response: 200
2025-09-14T10:15:00.850Z info: [apps/match_service/src/utils/jobs/match.ts:64] [MATCH-CRON] match response: 200
2025-09-14T10:15:01.262Z info: [apps/match_service/src/repositories/tournament.repository.ts:28] Inserted bulk data inside tournaments
2025-09-14T10:15:01.274Z info: [apps/match_service/src/repositories/match.repository.ts:28] Inserted bulk data inside matches
2025-09-14T10:15:01.274Z info: [apps/match_service/src/utils/jobs/match.ts:96] [MATCH-CRON] cron job executed
2025-09-14T10:16:00.011Z info: [apps/match_service/src/utils/jobs/match.ts:90] [MATCH-CRON] cron job scheduled
2025-09-14T10:16:00.360Z info: [apps/match_service/src/utils/jobs/match.ts:41] [MATCH-CRON] auth response: 200
2025-09-14T10:16:01.022Z info: [apps/match_service/src/utils/jobs/match.ts:64] [MATCH-CRON] match response: 200
2025-09-14T10:16:01.436Z info: [apps/match_service/src/repositories/tournament.repository.ts:28] Inserted bulk data inside tournaments
2025-09-14T10:16:01.459Z info: [apps/match_service/src/repositories/match.repository.ts:28] Inserted bulk data inside matches
2025-09-14T10:16:01.459Z info: [apps/match_service/src/utils/jobs/match.ts:96] [MATCH-CRON] cron job executed
2025-09-14T10:17:00.007Z info: [apps/match_service/src/utils/jobs/match.ts:90] [MATCH-CRON] cron job scheduled
2025-09-14T10:17:00.257Z info: [apps/match_service/src/utils/jobs/match.ts:41] [MATCH-CRON] auth response: 200
2025-09-14T10:17:00.897Z info: [apps/match_service/src/utils/jobs/match.ts:64] [MATCH-CRON] match response: 200
2025-09-14T10:17:01.306Z info: [apps/match_service/src/repositories/tournament.repository.ts:28] Inserted bulk data inside tournaments
2025-09-14T10:17:01.325Z info: [apps/match_service/src/repositories/match.repository.ts:28] Inserted bulk data inside matches
2025-09-14T10:17:01.325Z info: [apps/match_service/src/utils/jobs/match.ts:96] [MATCH-CRON] cron job executed
2025-09-14T10:18:00.011Z info: [apps/match_service/src/utils/jobs/match.ts:90] [MATCH-CRON] cron job scheduled
2025-09-14T10:18:00.634Z info: [apps/match_service/src/utils/jobs/match.ts:41] [MATCH-CRON] auth response: 200
2025-09-14T10:18:01.379Z info: [apps/match_service/src/utils/jobs/match.ts:64] [MATCH-CRON] match response: 200
2025-09-14T10:18:01.841Z info: [apps/match_service/src/repositories/tournament.repository.ts:28] Inserted bulk data inside tournaments
2025-09-14T10:18:01.857Z info: [apps/match_service/src/repositories/match.repository.ts:28] Inserted bulk data inside matches
2025-09-14T10:18:01.857Z info: [apps/match_service/src/utils/jobs/match.ts:96] [MATCH-CRON] cron job executed
2025-09-14T10:19:00.013Z info: [apps/match_service/src/utils/jobs/match.ts:90] [MATCH-CRON] cron job scheduled
2025-09-14T10:19:00.291Z info: [apps/match_service/src/utils/jobs/match.ts:41] [MATCH-CRON] auth response: 200
2025-09-14T10:19:00.922Z info: [apps/match_service/src/utils/jobs/match.ts:64] [MATCH-CRON] match response: 200
2025-09-14T10:19:01.316Z info: [apps/match_service/src/repositories/tournament.repository.ts:28] Inserted bulk data inside tournaments
2025-09-14T10:19:01.340Z info: [apps/match_service/src/repositories/match.repository.ts:28] Inserted bulk data inside matches
2025-09-14T10:19:01.341Z info: [apps/match_service/src/utils/jobs/match.ts:96] [MATCH-CRON] cron job executed
2025-09-14T10:20:00.011Z info: [apps/match_service/src/utils/jobs/match.ts:90] [MATCH-CRON] cron job scheduled
2025-09-14T10:20:00.363Z info: [apps/match_service/src/utils/jobs/match.ts:41] [MATCH-CRON] auth response: 200
2025-09-14T10:20:01.017Z info: [apps/match_service/src/utils/jobs/match.ts:64] [MATCH-CRON] match response: 200
2025-09-14T10:20:01.458Z info: [apps/match_service/src/repositories/tournament.repository.ts:28] Inserted bulk data inside tournaments
2025-09-14T10:20:01.479Z info: [apps/match_service/src/repositories/match.repository.ts:28] Inserted bulk data inside matches
2025-09-14T10:20:01.479Z info: [apps/match_service/src/utils/jobs/match.ts:96] [MATCH-CRON] cron job executed
2025-09-14T10:21:00.008Z info: [apps/match_service/src/utils/jobs/match.ts:90] [MATCH-CRON] cron job scheduled
2025-09-14T10:21:00.224Z info: [apps/match_service/src/utils/jobs/match.ts:41] [MATCH-CRON] auth response: 200
2025-09-14T10:21:00.851Z info: [apps/match_service/src/utils/jobs/match.ts:64] [MATCH-CRON] match response: 200
2025-09-14T10:21:01.234Z info: [apps/match_service/src/repositories/tournament.repository.ts:28] Inserted bulk data inside tournaments
2025-09-14T10:21:01.248Z info: [apps/match_service/src/repositories/match.repository.ts:28] Inserted bulk data inside matches
2025-09-14T10:21:01.248Z info: [apps/match_service/src/utils/jobs/match.ts:96] [MATCH-CRON] cron job executed
2025-09-14T10:22:00.007Z info: [apps/match_service/src/utils/jobs/match.ts:90] [MATCH-CRON] cron job scheduled
2025-09-14T10:22:00.333Z info: [apps/match_service/src/utils/jobs/match.ts:41] [MATCH-CRON] auth response: 200
2025-09-14T10:22:00.985Z info: [apps/match_service/src/utils/jobs/match.ts:64] [MATCH-CRON] match response: 200
2025-09-14T10:22:01.367Z info: [apps/match_service/src/repositories/tournament.repository.ts:28] Inserted bulk data inside tournaments
2025-09-14T10:22:01.384Z info: [apps/match_service/src/repositories/match.repository.ts:28] Inserted bulk data inside matches
2025-09-14T10:22:01.384Z info: [apps/match_service/src/utils/jobs/match.ts:96] [MATCH-CRON] cron job executed
2025-09-14T10:23:00.004Z info: [apps/match_service/src/utils/jobs/match.ts:90] [MATCH-CRON] cron job scheduled
2025-09-14T10:23:00.221Z info: [apps/match_service/src/utils/jobs/match.ts:41] [MATCH-CRON] auth response: 200
2025-09-14T10:23:00.830Z info: [apps/match_service/src/utils/jobs/match.ts:64] [MATCH-CRON] match response: 200
2025-09-14T10:23:01.279Z info: [apps/match_service/src/repositories/tournament.repository.ts:28] Inserted bulk data inside tournaments
2025-09-14T10:23:01.296Z info: [apps/match_service/src/repositories/match.repository.ts:28] Inserted bulk data inside matches
2025-09-14T10:23:01.296Z info: [apps/match_service/src/utils/jobs/match.ts:96] [MATCH-CRON] cron job executed
2025-09-14T10:24:00.010Z info: [apps/match_service/src/utils/jobs/match.ts:90] [MATCH-CRON] cron job scheduled
2025-09-14T10:24:00.341Z info: [apps/match_service/src/utils/jobs/match.ts:41] [MATCH-CRON] auth response: 200
2025-09-14T10:24:00.984Z info: [apps/match_service/src/utils/jobs/match.ts:64] [MATCH-CRON] match response: 200
2025-09-14T10:24:01.370Z info: [apps/match_service/src/repositories/tournament.repository.ts:28] Inserted bulk data inside tournaments
2025-09-14T10:24:01.389Z info: [apps/match_service/src/repositories/match.repository.ts:28] Inserted bulk data inside matches
2025-09-14T10:24:01.389Z info: [apps/match_service/src/utils/jobs/match.ts:96] [MATCH-CRON] cron job executed
2025-09-14T10:25:00.011Z info: [apps/match_service/src/utils/jobs/match.ts:90] [MATCH-CRON] cron job scheduled
2025-09-14T10:25:00.247Z info: [apps/match_service/src/utils/jobs/match.ts:41] [MATCH-CRON] auth response: 200
2025-09-14T10:25:00.941Z info: [apps/match_service/src/utils/jobs/match.ts:64] [MATCH-CRON] match response: 200
2025-09-14T10:25:01.429Z info: [apps/match_service/src/repositories/tournament.repository.ts:28] Inserted bulk data inside tournaments
2025-09-14T10:25:01.459Z info: [apps/match_service/src/repositories/match.repository.ts:28] Inserted bulk data inside matches
2025-09-14T10:25:01.459Z info: [apps/match_service/src/utils/jobs/match.ts:96] [MATCH-CRON] cron job executed
2025-09-14T10:26:00.010Z info: [apps/match_service/src/utils/jobs/match.ts:90] [MATCH-CRON] cron job scheduled
2025-09-14T10:26:00.318Z info: [apps/match_service/src/utils/jobs/match.ts:41] [MATCH-CRON] auth response: 200
2025-09-14T10:26:00.961Z info: [apps/match_service/src/utils/jobs/match.ts:64] [MATCH-CRON] match response: 200
2025-09-14T10:26:01.383Z info: [apps/match_service/src/repositories/tournament.repository.ts:28] Inserted bulk data inside tournaments
2025-09-14T10:26:01.400Z info: [apps/match_service/src/repositories/match.repository.ts:28] Inserted bulk data inside matches
2025-09-14T10:26:01.400Z info: [apps/match_service/src/utils/jobs/match.ts:96] [MATCH-CRON] cron job executed
2025-09-14T10:27:00.007Z info: [apps/match_service/src/utils/jobs/match.ts:90] [MATCH-CRON] cron job scheduled
2025-09-14T10:27:00.245Z info: [apps/match_service/src/utils/jobs/match.ts:41] [MATCH-CRON] auth response: 200
2025-09-14T10:27:00.926Z info: [apps/match_service/src/utils/jobs/match.ts:64] [MATCH-CRON] match response: 200
2025-09-14T10:27:01.364Z info: [apps/match_service/src/repositories/tournament.repository.ts:28] Inserted bulk data inside tournaments
2025-09-14T10:27:01.382Z info: [apps/match_service/src/repositories/match.repository.ts:28] Inserted bulk data inside matches
2025-09-14T10:27:01.382Z info: [apps/match_service/src/utils/jobs/match.ts:96] [MATCH-CRON] cron job executed
2025-09-14T10:28:00.007Z info: [apps/match_service/src/utils/jobs/match.ts:90] [MATCH-CRON] cron job scheduled
2025-09-14T10:28:00.327Z info: [apps/match_service/src/utils/jobs/match.ts:41] [MATCH-CRON] auth response: 200
2025-09-14T10:28:00.950Z info: [apps/match_service/src/utils/jobs/match.ts:64] [MATCH-CRON] match response: 200
2025-09-14T10:28:01.434Z info: [apps/match_service/src/repositories/tournament.repository.ts:28] Inserted bulk data inside tournaments
2025-09-14T10:28:01.456Z info: [apps/match_service/src/repositories/match.repository.ts:28] Inserted bulk data inside matches
2025-09-14T10:28:01.456Z info: [apps/match_service/src/utils/jobs/match.ts:96] [MATCH-CRON] cron job executed
2025-09-14T10:29:00.008Z info: [apps/match_service/src/utils/jobs/match.ts:90] [MATCH-CRON] cron job scheduled
2025-09-14T10:29:00.272Z info: [apps/match_service/src/utils/jobs/match.ts:41] [MATCH-CRON] auth response: 200
2025-09-14T10:29:01.037Z info: [apps/match_service/src/utils/jobs/match.ts:64] [MATCH-CRON] match response: 200
2025-09-14T10:29:01.387Z info: [apps/match_service/src/repositories/tournament.repository.ts:28] Inserted bulk data inside tournaments
2025-09-14T10:29:01.399Z info: [apps/match_service/src/repositories/match.repository.ts:28] Inserted bulk data inside matches
2025-09-14T10:29:01.400Z info: [apps/match_service/src/utils/jobs/match.ts:96] [MATCH-CRON] cron job executed
2025-09-14T10:30:00.005Z info: [apps/match_service/src/utils/jobs/match.ts:90] [MATCH-CRON] cron job scheduled
2025-09-14T10:30:00.339Z info: [apps/match_service/src/utils/jobs/match.ts:41] [MATCH-CRON] auth response: 200
2025-09-14T10:30:01.027Z info: [apps/match_service/src/utils/jobs/match.ts:64] [MATCH-CRON] match response: 200
2025-09-14T10:30:01.376Z info: [apps/match_service/src/repositories/tournament.repository.ts:28] Inserted bulk data inside tournaments
2025-09-14T10:30:01.392Z info: [apps/match_service/src/repositories/match.repository.ts:28] Inserted bulk data inside matches
2025-09-14T10:30:01.392Z info: [apps/match_service/src/utils/jobs/match.ts:96] [MATCH-CRON] cron job executed
2025-09-14T10:31:00.010Z info: [apps/match_service/src/utils/jobs/match.ts:90] [MATCH-CRON] cron job scheduled
2025-09-14T10:31:00.237Z info: [apps/match_service/src/utils/jobs/match.ts:41] [MATCH-CRON] auth response: 200
2025-09-14T10:31:00.874Z info: [apps/match_service/src/utils/jobs/match.ts:64] [MATCH-CRON] match response: 200
2025-09-14T10:31:01.211Z info: [apps/match_service/src/repositories/tournament.repository.ts:28] Inserted bulk data inside tournaments
2025-09-14T10:31:01.236Z info: [apps/match_service/src/repositories/match.repository.ts:28] Inserted bulk data inside matches
2025-09-14T10:31:01.236Z info: [apps/match_service/src/utils/jobs/match.ts:96] [MATCH-CRON] cron job executed
2025-09-14T10:32:00.008Z info: [apps/match_service/src/utils/jobs/match.ts:90] [MATCH-CRON] cron job scheduled
2025-09-14T10:32:00.321Z info: [apps/match_service/src/utils/jobs/match.ts:41] [MATCH-CRON] auth response: 200
2025-09-14T10:32:00.962Z info: [apps/match_service/src/utils/jobs/match.ts:64] [MATCH-CRON] match response: 200
2025-09-14T10:32:01.274Z info: [apps/match_service/src/repositories/tournament.repository.ts:28] Inserted bulk data inside tournaments
2025-09-14T10:32:01.292Z info: [apps/match_service/src/repositories/match.repository.ts:28] Inserted bulk data inside matches
2025-09-14T10:32:01.292Z info: [apps/match_service/src/utils/jobs/match.ts:96] [MATCH-CRON] cron job executed
2025-09-14T10:33:00.017Z info: [apps/match_service/src/utils/jobs/match.ts:90] [MATCH-CRON] cron job scheduled
2025-09-14T10:33:00.247Z info: [apps/match_service/src/utils/jobs/match.ts:41] [MATCH-CRON] auth response: 200
2025-09-14T10:33:00.887Z info: [apps/match_service/src/utils/jobs/match.ts:64] [MATCH-CRON] match response: 200
2025-09-14T10:33:01.201Z info: [apps/match_service/src/repositories/tournament.repository.ts:28] Inserted bulk data inside tournaments
2025-09-14T10:33:01.216Z info: [apps/match_service/src/repositories/match.repository.ts:28] Inserted bulk data inside matches
2025-09-14T10:33:01.216Z info: [apps/match_service/src/utils/jobs/match.ts:96] [MATCH-CRON] cron job executed
2025-09-14T10:34:00.012Z info: [apps/match_service/src/utils/jobs/match.ts:90] [MATCH-CRON] cron job scheduled
2025-09-14T10:34:00.610Z info: [apps/match_service/src/utils/jobs/match.ts:41] [MATCH-CRON] auth response: 200
2025-09-14T10:34:01.298Z info: [apps/match_service/src/utils/jobs/match.ts:64] [MATCH-CRON] match response: 200
2025-09-14T10:34:01.742Z info: [apps/match_service/src/repositories/tournament.repository.ts:28] Inserted bulk data inside tournaments
2025-09-14T10:34:01.753Z info: [apps/match_service/src/repositories/match.repository.ts:28] Inserted bulk data inside matches
2025-09-14T10:34:01.753Z info: [apps/match_service/src/utils/jobs/match.ts:96] [MATCH-CRON] cron job executed
2025-09-14T10:35:00.008Z info: [apps/match_service/src/utils/jobs/match.ts:90] [MATCH-CRON] cron job scheduled
2025-09-14T10:35:00.255Z info: [apps/match_service/src/utils/jobs/match.ts:41] [MATCH-CRON] auth response: 200
2025-09-14T10:35:00.918Z info: [apps/match_service/src/utils/jobs/match.ts:64] [MATCH-CRON] match response: 200
2025-09-14T10:35:01.257Z info: [apps/match_service/src/repositories/tournament.repository.ts:28] Inserted bulk data inside tournaments
2025-09-14T10:35:01.276Z info: [apps/match_service/src/repositories/match.repository.ts:28] Inserted bulk data inside matches
2025-09-14T10:35:01.276Z info: [apps/match_service/src/utils/jobs/match.ts:96] [MATCH-CRON] cron job executed
2025-09-14T10:36:00.012Z info: [apps/match_service/src/utils/jobs/match.ts:90] [MATCH-CRON] cron job scheduled
2025-09-14T10:36:00.327Z info: [apps/match_service/src/utils/jobs/match.ts:41] [MATCH-CRON] auth response: 200
2025-09-14T10:36:00.971Z info: [apps/match_service/src/utils/jobs/match.ts:64] [MATCH-CRON] match response: 200
2025-09-14T10:36:01.269Z info: [apps/match_service/src/repositories/tournament.repository.ts:28] Inserted bulk data inside tournaments
2025-09-14T10:36:01.292Z info: [apps/match_service/src/repositories/match.repository.ts:28] Inserted bulk data inside matches
2025-09-14T10:36:01.292Z info: [apps/match_service/src/utils/jobs/match.ts:96] [MATCH-CRON] cron job executed
2025-09-14T10:37:00.010Z info: [apps/match_service/src/utils/jobs/match.ts:90] [MATCH-CRON] cron job scheduled
2025-09-14T10:37:00.235Z info: [apps/match_service/src/utils/jobs/match.ts:41] [MATCH-CRON] auth response: 200
2025-09-14T10:37:00.855Z info: [apps/match_service/src/utils/jobs/match.ts:64] [MATCH-CRON] match response: 200
2025-09-14T10:37:01.154Z info: [apps/match_service/src/repositories/tournament.repository.ts:28] Inserted bulk data inside tournaments
2025-09-14T10:37:01.170Z info: [apps/match_service/src/repositories/match.repository.ts:28] Inserted bulk data inside matches
2025-09-14T10:37:01.170Z info: [apps/match_service/src/utils/jobs/match.ts:96] [MATCH-CRON] cron job executed
2025-09-14T10:38:00.007Z info: [apps/match_service/src/utils/jobs/match.ts:90] [MATCH-CRON] cron job scheduled
2025-09-14T10:38:01.450Z info: [apps/match_service/src/utils/jobs/match.ts:41] [MATCH-CRON] auth response: 200
2025-09-14T10:38:02.080Z info: [apps/match_service/src/utils/jobs/match.ts:64] [MATCH-CRON] match response: 200
2025-09-14T10:38:02.934Z info: [apps/match_service/src/repositories/tournament.repository.ts:28] Inserted bulk data inside tournaments
2025-09-14T10:38:02.955Z info: [apps/match_service/src/repositories/match.repository.ts:28] Inserted bulk data inside matches
2025-09-14T10:38:02.956Z info: [apps/match_service/src/utils/jobs/match.ts:96] [MATCH-CRON] cron job executed
2025-09-14T10:39:00.012Z info: [apps/match_service/src/utils/jobs/match.ts:90] [MATCH-CRON] cron job scheduled
2025-09-14T10:39:00.791Z info: [apps/match_service/src/utils/jobs/match.ts:41] [MATCH-CRON] auth response: 200
2025-09-14T10:39:01.735Z info: [apps/match_service/src/utils/jobs/match.ts:64] [MATCH-CRON] match response: 200
2025-09-14T10:39:09.164Z info: [apps/match_service/src/repositories/tournament.repository.ts:28] Inserted bulk data inside tournaments
2025-09-14T10:39:09.184Z info: [apps/match_service/src/repositories/match.repository.ts:28] Inserted bulk data inside matches
2025-09-14T10:39:09.185Z info: [apps/match_service/src/utils/jobs/match.ts:96] [MATCH-CRON] cron job executed
