2025-09-15T02:21:56.366Z info: [apps/user_service/src/configs/database.config.ts:33] Database connection established ✅
2025-09-15T02:21:56.456Z info: [apps/user_service/src/configs/redis.config.ts:23] Redis client is ready to use
2025-09-15T02:21:57.854Z info: [apps/user_service/src/configs/rabbitmq.config.ts:27] Rabbit client is connected
2025-09-15T02:21:57.857Z info: [apps/user_service/src/app.ts:12] Waiting for Kafka to be ready...
2025-09-15T02:22:02.885Z info: [apps/user_service/src/app.ts:17] Successfully created topics
2025-09-15T02:22:05.920Z info: [apps/user_service/src/app.ts:21] Successfully subscribed to user events
2025-09-15T02:22:05.925Z info: [apps/user_service/src/server.ts:19] Server started at PORT: 4001
2025-09-15T03:28:05.862Z error: [apps/user_service/src/configs/redis.config.ts:24] Error: read ETIMEDOUT
2025-09-15T03:28:05.866Z error: [apps/user_service/src/configs/redis.config.ts:24] Error: getaddrinfo ENOTFOUND redis-11570.c212.ap-south-1-1.ec2.redns.redis-cloud.com
2025-09-15T03:28:06.095Z error: [apps/user_service/src/configs/redis.config.ts:24] Error: getaddrinfo ENOTFOUND redis-11570.c212.ap-south-1-1.ec2.redns.redis-cloud.com
2025-09-15T03:28:06.393Z error: [apps/user_service/src/configs/redis.config.ts:24] Error: getaddrinfo ENOTFOUND redis-11570.c212.ap-south-1-1.ec2.redns.redis-cloud.com
2025-09-15T03:28:06.650Z error: [apps/user_service/src/configs/redis.config.ts:24] Error: getaddrinfo ENOTFOUND redis-11570.c212.ap-south-1-1.ec2.redns.redis-cloud.com
2025-09-15T03:28:07.206Z error: [apps/user_service/src/configs/redis.config.ts:24] Error: getaddrinfo ENOTFOUND redis-11570.c212.ap-south-1-1.ec2.redns.redis-cloud.com
2025-09-15T03:28:08.055Z error: [apps/user_service/src/configs/redis.config.ts:24] Error: getaddrinfo ENOTFOUND redis-11570.c212.ap-south-1-1.ec2.redns.redis-cloud.com
2025-09-15T03:28:09.674Z error: [apps/user_service/src/configs/redis.config.ts:24] Error: getaddrinfo ENOTFOUND redis-11570.c212.ap-south-1-1.ec2.redns.redis-cloud.com
2025-09-15T03:36:05.914Z error: Error: Heartbeat timeout
    at Heart.<anonymous> (/Users/ankitchawda/Desktop/NGTS/wizplay-monorepo/node_modules/.pnpm/amqplib@0.10.9/node_modules/amqplib/lib/connection.js:379:21)
    at Heart.emit (node:events:507:28)
    at Heart.runHeartbeat (/Users/ankitchawda/Desktop/NGTS/wizplay-monorepo/node_modules/.pnpm/amqplib@0.10.9/node_modules/amqplib/lib/heartbeat.js:88:7)
    at listOnTimeout (node:internal/timers:608:17)
    at processTimers (node:internal/timers:543:7)
