2025-08-22T11:32:27.641Z error: KafkaJSNonRetriableError
  Caused by: KafkaJSConnectionError: Connection error: getaddrinfo ENOTFOUND kafka
    at Socket.onError (/app/node_modules/.pnpm/kafkajs@2.2.4/node_modules/kafkajs/src/network/connection.js:210:23)
    at Socket.emit (node:events:508:28)
    at emitErrorNT (node:internal/streams/destroy:170:8)
    at emitErrorCloseNT (node:internal/streams/destroy:129:3)
    at processTicksAndRejections (node:internal/process/task_queues:90:21)
2025-08-22T11:32:51.423Z error: KafkaJSNonRetriableError
  Caused by: KafkaJSConnectionError: Connection error: getaddrinfo ENOTFOUND kafka
    at Socket.onError (/app/node_modules/.pnpm/kafkajs@2.2.4/node_modules/kafkajs/src/network/connection.js:210:23)
    at Socket.emit (node:events:508:28)
    at emitErrorNT (node:internal/streams/destroy:170:8)
    at emitErrorCloseNT (node:internal/streams/destroy:129:3)
    at processTicksAndRejections (node:internal/process/task_queues:90:21)
2025-08-22T11:33:15.313Z error: KafkaJSNonRetriableError
  Caused by: KafkaJSConnectionError: Connection error: getaddrinfo ENOTFOUND kafka
    at Socket.onError (/app/node_modules/.pnpm/kafkajs@2.2.4/node_modules/kafkajs/src/network/connection.js:210:23)
    at Socket.emit (node:events:508:28)
    at emitErrorNT (node:internal/streams/destroy:170:8)
    at emitErrorCloseNT (node:internal/streams/destroy:129:3)
    at processTicksAndRejections (node:internal/process/task_queues:90:21)
2025-08-22T11:52:00.715Z error: KafkaJSProtocolError: This server does not host this topic-partition
    at createErrorFromCode (/app/node_modules/.pnpm/kafkajs@2.2.4/node_modules/kafkajs/src/protocol/error.js:581:10)
    at Object.parse (/app/node_modules/.pnpm/kafkajs@2.2.4/node_modules/kafkajs/src/protocol/requests/metadata/v0/response.js:55:11)
    at Connection.send (/app/node_modules/.pnpm/kafkajs@2.2.4/node_modules/kafkajs/src/network/connection.js:433:35)
    at processTicksAndRejections (node:internal/process/task_queues:105:5)
    at Broker.[private:Broker:sendRequest] (/app/node_modules/.pnpm/kafkajs@2.2.4/node_modules/kafkajs/src/broker/index.js:904:14)
    at Broker.metadata (/app/node_modules/.pnpm/kafkajs@2.2.4/node_modules/kafkajs/src/broker/index.js:177:12)
    at /app/node_modules/.pnpm/kafkajs@2.2.4/node_modules/kafkajs/src/cluster/brokerPool.js:158:25
    at /app/node_modules/.pnpm/kafkajs@2.2.4/node_modules/kafkajs/src/cluster/index.js:111:14
    at Cluster.refreshMetadata (/app/node_modules/.pnpm/kafkajs@2.2.4/node_modules/kafkajs/src/cluster/index.js:172:5)
    at Cluster.addMultipleTargetTopics (/app/node_modules/.pnpm/kafkajs@2.2.4/node_modules/kafkajs/src/cluster/index.js:230:11)
2025-08-23T07:20:59.219Z error: KafkaJSProtocolError: This server does not host this topic-partition
    at createErrorFromCode (/app/node_modules/.pnpm/kafkajs@2.2.4/node_modules/kafkajs/src/protocol/error.js:581:10)
    at Object.parse (/app/node_modules/.pnpm/kafkajs@2.2.4/node_modules/kafkajs/src/protocol/requests/metadata/v0/response.js:55:11)
    at Connection.send (/app/node_modules/.pnpm/kafkajs@2.2.4/node_modules/kafkajs/src/network/connection.js:433:35)
    at processTicksAndRejections (node:internal/process/task_queues:105:5)
    at Broker.[private:Broker:sendRequest] (/app/node_modules/.pnpm/kafkajs@2.2.4/node_modules/kafkajs/src/broker/index.js:904:14)
    at Broker.metadata (/app/node_modules/.pnpm/kafkajs@2.2.4/node_modules/kafkajs/src/broker/index.js:177:12)
    at /app/node_modules/.pnpm/kafkajs@2.2.4/node_modules/kafkajs/src/cluster/brokerPool.js:158:25
    at /app/node_modules/.pnpm/kafkajs@2.2.4/node_modules/kafkajs/src/cluster/index.js:111:14
    at Cluster.refreshMetadata (/app/node_modules/.pnpm/kafkajs@2.2.4/node_modules/kafkajs/src/cluster/index.js:172:5)
    at Cluster.addMultipleTargetTopics (/app/node_modules/.pnpm/kafkajs@2.2.4/node_modules/kafkajs/src/cluster/index.js:230:11)
2025-08-23T07:21:14.231Z error: KafkaJSProtocolError: This server does not host this topic-partition
    at createErrorFromCode (/app/node_modules/.pnpm/kafkajs@2.2.4/node_modules/kafkajs/src/protocol/error.js:581:10)
    at Object.parse (/app/node_modules/.pnpm/kafkajs@2.2.4/node_modules/kafkajs/src/protocol/requests/metadata/v0/response.js:55:11)
    at Connection.send (/app/node_modules/.pnpm/kafkajs@2.2.4/node_modules/kafkajs/src/network/connection.js:433:35)
    at processTicksAndRejections (node:internal/process/task_queues:105:5)
    at Broker.[private:Broker:sendRequest] (/app/node_modules/.pnpm/kafkajs@2.2.4/node_modules/kafkajs/src/broker/index.js:904:14)
    at Broker.metadata (/app/node_modules/.pnpm/kafkajs@2.2.4/node_modules/kafkajs/src/broker/index.js:177:12)
    at /app/node_modules/.pnpm/kafkajs@2.2.4/node_modules/kafkajs/src/cluster/brokerPool.js:158:25
    at /app/node_modules/.pnpm/kafkajs@2.2.4/node_modules/kafkajs/src/cluster/index.js:111:14
    at Cluster.refreshMetadata (/app/node_modules/.pnpm/kafkajs@2.2.4/node_modules/kafkajs/src/cluster/index.js:172:5)
    at Cluster.addMultipleTargetTopics (/app/node_modules/.pnpm/kafkajs@2.2.4/node_modules/kafkajs/src/cluster/index.js:230:11)
2025-08-23T07:21:29.245Z error: KafkaJSProtocolError: This server does not host this topic-partition
    at createErrorFromCode (/app/node_modules/.pnpm/kafkajs@2.2.4/node_modules/kafkajs/src/protocol/error.js:581:10)
    at Object.parse (/app/node_modules/.pnpm/kafkajs@2.2.4/node_modules/kafkajs/src/protocol/requests/metadata/v0/response.js:55:11)
    at Connection.send (/app/node_modules/.pnpm/kafkajs@2.2.4/node_modules/kafkajs/src/network/connection.js:433:35)
    at processTicksAndRejections (node:internal/process/task_queues:105:5)
    at Broker.[private:Broker:sendRequest] (/app/node_modules/.pnpm/kafkajs@2.2.4/node_modules/kafkajs/src/broker/index.js:904:14)
    at Broker.metadata (/app/node_modules/.pnpm/kafkajs@2.2.4/node_modules/kafkajs/src/broker/index.js:177:12)
    at /app/node_modules/.pnpm/kafkajs@2.2.4/node_modules/kafkajs/src/cluster/brokerPool.js:158:25
    at /app/node_modules/.pnpm/kafkajs@2.2.4/node_modules/kafkajs/src/cluster/index.js:111:14
    at Cluster.refreshMetadata (/app/node_modules/.pnpm/kafkajs@2.2.4/node_modules/kafkajs/src/cluster/index.js:172:5)
    at Cluster.addMultipleTargetTopics (/app/node_modules/.pnpm/kafkajs@2.2.4/node_modules/kafkajs/src/cluster/index.js:230:11)
2025-08-23T08:01:02.480Z error: Error: Socket closed unexpectedly
    at Socket.<anonymous> (/app/node_modules/.pnpm/@redis+client@5.8.2/node_modules/@redis/client/lib/client/socket.ts:272:29)
    at Object.onceWrapper (node:events:623:26)
    at Socket.emit (node:events:508:28)
    at TCP.<anonymous> (node:net:346:12)
2025-08-23T08:01:19.435Z error: Error: getaddrinfo ENOTFOUND redis-11570.c212.ap-south-1-1.ec2.redns.redis-cloud.com
    at GetAddrInfoReqWrap.onlookupall [as oncomplete] (node:dns:122:26)
2025-08-23T08:01:19.678Z error: Error: getaddrinfo ENOTFOUND redis-11570.c212.ap-south-1-1.ec2.redns.redis-cloud.com
    at GetAddrInfoReqWrap.onlookupall [as oncomplete] (node:dns:122:26)
2025-08-23T08:01:19.792Z error: Error: getaddrinfo ENOTFOUND redis-11570.c212.ap-south-1-1.ec2.redns.redis-cloud.com
    at GetAddrInfoReqWrap.onlookupall [as oncomplete] (node:dns:122:26)
2025-08-23T08:01:20.113Z error: Error: getaddrinfo ENOTFOUND redis-11570.c212.ap-south-1-1.ec2.redns.redis-cloud.com
    at GetAddrInfoReqWrap.onlookupall [as oncomplete] (node:dns:122:26)
2025-08-23T08:01:20.575Z error: Error: getaddrinfo ENOTFOUND redis-11570.c212.ap-south-1-1.ec2.redns.redis-cloud.com
    at GetAddrInfoReqWrap.onlookupall [as oncomplete] (node:dns:122:26)
2025-08-23T08:01:21.433Z error: Error: getaddrinfo ENOTFOUND redis-11570.c212.ap-south-1-1.ec2.redns.redis-cloud.com
    at GetAddrInfoReqWrap.onlookupall [as oncomplete] (node:dns:122:26)
2025-08-23T08:01:23.162Z error: Error: getaddrinfo ENOTFOUND redis-11570.c212.ap-south-1-1.ec2.redns.redis-cloud.com
    at GetAddrInfoReqWrap.onlookupall [as oncomplete] (node:dns:122:26)
2025-08-23T08:01:25.350Z error: Error: getaddrinfo ENOTFOUND redis-11570.c212.ap-south-1-1.ec2.redns.redis-cloud.com
    at GetAddrInfoReqWrap.onlookupall [as oncomplete] (node:dns:122:26)
2025-08-23T08:01:27.423Z error: Error: getaddrinfo ENOTFOUND redis-11570.c212.ap-south-1-1.ec2.redns.redis-cloud.com
    at GetAddrInfoReqWrap.onlookupall [as oncomplete] (node:dns:122:26)
2025-08-23T08:01:29.471Z error: Error: getaddrinfo ENOTFOUND redis-11570.c212.ap-south-1-1.ec2.redns.redis-cloud.com
    at GetAddrInfoReqWrap.onlookupall [as oncomplete] (node:dns:122:26)
2025-08-23T08:01:31.618Z error: Error: getaddrinfo ENOTFOUND redis-11570.c212.ap-south-1-1.ec2.redns.redis-cloud.com
    at GetAddrInfoReqWrap.onlookupall [as oncomplete] (node:dns:122:26)
2025-08-23T08:01:33.628Z error: Error: getaddrinfo ENOTFOUND redis-11570.c212.ap-south-1-1.ec2.redns.redis-cloud.com
    at GetAddrInfoReqWrap.onlookupall [as oncomplete] (node:dns:122:26)
2025-08-23T08:01:35.683Z error: Error: getaddrinfo ENOTFOUND redis-11570.c212.ap-south-1-1.ec2.redns.redis-cloud.com
    at GetAddrInfoReqWrap.onlookupall [as oncomplete] (node:dns:122:26)
2025-08-23T08:01:37.754Z error: Error: getaddrinfo ENOTFOUND redis-11570.c212.ap-south-1-1.ec2.redns.redis-cloud.com
    at GetAddrInfoReqWrap.onlookupall [as oncomplete] (node:dns:122:26)
2025-08-23T08:01:39.838Z error: Error: getaddrinfo ENOTFOUND redis-11570.c212.ap-south-1-1.ec2.redns.redis-cloud.com
    at GetAddrInfoReqWrap.onlookupall [as oncomplete] (node:dns:122:26)
2025-08-23T08:01:41.935Z error: Error: getaddrinfo ENOTFOUND redis-11570.c212.ap-south-1-1.ec2.redns.redis-cloud.com
    at GetAddrInfoReqWrap.onlookupall [as oncomplete] (node:dns:122:26)
2025-08-23T08:01:44.032Z error: Error: getaddrinfo ENOTFOUND redis-11570.c212.ap-south-1-1.ec2.redns.redis-cloud.com
    at GetAddrInfoReqWrap.onlookupall [as oncomplete] (node:dns:122:26)
2025-08-23T08:01:46.095Z error: Error: getaddrinfo ENOTFOUND redis-11570.c212.ap-south-1-1.ec2.redns.redis-cloud.com
    at GetAddrInfoReqWrap.onlookupall [as oncomplete] (node:dns:122:26)
2025-08-23T08:06:52.254Z error: Error: getaddrinfo ENOTFOUND redis-11570.c212.ap-south-1-1.ec2.redns.redis-cloud.com
    at GetAddrInfoReqWrap.onlookupall [as oncomplete] (node:dns:122:26)
2025-08-23T08:06:54.402Z error: Error: getaddrinfo ENOTFOUND redis-11570.c212.ap-south-1-1.ec2.redns.redis-cloud.com
    at GetAddrInfoReqWrap.onlookupall [as oncomplete] (node:dns:122:26)
2025-08-23T08:06:56.531Z error: Error: getaddrinfo ENOTFOUND redis-11570.c212.ap-south-1-1.ec2.redns.redis-cloud.com
    at GetAddrInfoReqWrap.onlookupall [as oncomplete] (node:dns:122:26)
2025-08-23T08:06:58.563Z error: Error: getaddrinfo ENOTFOUND redis-11570.c212.ap-south-1-1.ec2.redns.redis-cloud.com
    at GetAddrInfoReqWrap.onlookupall [as oncomplete] (node:dns:122:26)
2025-08-23T08:07:00.665Z error: Error: getaddrinfo ENOTFOUND redis-11570.c212.ap-south-1-1.ec2.redns.redis-cloud.com
    at GetAddrInfoReqWrap.onlookupall [as oncomplete] (node:dns:122:26)
2025-08-23T08:07:02.846Z error: Error: getaddrinfo ENOTFOUND redis-11570.c212.ap-south-1-1.ec2.redns.redis-cloud.com
    at GetAddrInfoReqWrap.onlookupall [as oncomplete] (node:dns:122:26)
2025-08-23T08:07:03.298Z error: Error: Unexpected close
    at succeed (/app/node_modules/.pnpm/amqplib@0.10.8/node_modules/amqplib/lib/connection.js:226:15)
    at onOpenOk (/app/node_modules/.pnpm/amqplib@0.10.8/node_modules/amqplib/lib/connection.js:208:7)
    at /app/node_modules/.pnpm/amqplib@0.10.8/node_modules/amqplib/lib/connection.js:111:11
    at /app/node_modules/.pnpm/amqplib@0.10.8/node_modules/amqplib/lib/connection.js:104:11
    at TLSSocket.recv (/app/node_modules/.pnpm/amqplib@0.10.8/node_modules/amqplib/lib/connection.js:453:9)
    at Object.onceWrapper (node:events:622:28)
    at TLSSocket.emit (node:events:508:28)
    at emitReadable_ (node:internal/streams/readable:832:12)
    at processTicksAndRejections (node:internal/process/task_queues:89:21)
2025-08-25T14:35:44.723Z error: Error connecting database: SequelizeHostNotFoundError: getaddrinfo ENOTFOUND user_db_server 
2025-08-25T14:36:01.659Z error: Error connecting database: SequelizeHostNotFoundError: getaddrinfo ENOTFOUND user_db_server 
2025-08-25T14:36:02.170Z error: Error connecting database: SequelizeHostNotFoundError: getaddrinfo ENOTFOUND user_db_server 
2025-08-25T16:14:07.795Z error: Error connecting database: SequelizeHostNotFoundError: getaddrinfo ENOTFOUND user_db_server 
2025-08-25T16:14:08.419Z error: Error connecting database: SequelizeHostNotFoundError: getaddrinfo ENOTFOUND user_db_server 
2025-08-31T08:14:39.681Z error: Invalid request parameters | Req-ID:8900ad98-fe38-4324-9f5a-af8ca1258467 | URL:/api/v1/auth/generate_otp
2025-08-31T08:38:40.459Z error: Error: read ETIMEDOUT
    at TLSWrap.onStreamRead (node:internal/stream_base_commons:217:20)
2025-08-31T11:29:07.278Z error: Invalid request parameters | Req-ID:e2cb74cd-a91a-49a7-9804-7fad4ca37137 | URL:/api/v1/auth/generate_otp
2025-08-31T11:29:35.179Z error: Invalid request parameters | Req-ID:dd20add2-7697-4640-83cb-c579aa635961 | URL:/api/v1/auth/generate_otp
2025-08-31T11:30:32.653Z error: Cannot read properties of undefined (reading 'userService') | Req-ID:422a9666-1ce3-4b5f-9b25-76f0d3631a13 | URL:/api/v1/auth/generate_otp
2025-08-31T11:52:30.540Z error: Cannot read properties of undefined (reading 'userService') | Req-ID:617cd9a4-82a1-40a9-aa49-08b965480489 | URL:/api/v1/auth/generate_otp
2025-08-31T11:54:18.819Z error: Cannot read properties of undefined (reading 'userService') | Req-ID:c500c6e3-563d-409b-a340-5b16e6f7c0ab | URL:/api/v1/auth/generate_otp
2025-08-31T11:55:25.363Z error: Database Error: SequelizeDatabaseError: relation "auths" does not exist
2025-08-31T11:55:25.364Z error: Database Error | Req-ID:49286e78-7bba-4a0a-81cc-9e72c446ed40 | URL:/api/v1/auth/generate_otp
2025-08-31T11:58:34.311Z error: Database Error: SequelizeDatabaseError: relation "auths" does not exist
2025-08-31T11:58:34.320Z error: Database Error | Req-ID:6b29e080-0b2a-4202-a3fd-13c0452248bb | URL:/api/v1/auth/generate_otp
2025-08-31T12:00:33.647Z error: Database Error: SequelizeDatabaseError: relation "auths" does not exist
2025-08-31T12:00:33.647Z error: Database Error | Req-ID:2ae6274f-5e08-43d2-a633-59442c19caa5 | URL:/api/v1/auth/generate_otp
2025-08-31T12:00:35.882Z error: Database Error: SequelizeDatabaseError: relation "auths" does not exist
2025-08-31T12:00:35.883Z error: Database Error | Req-ID:722fa944-790c-490c-9810-b0aef84d4fee | URL:/api/v1/auth/generate_otp
2025-08-31T12:03:19.898Z error: logger is not defined | Req-ID:e0a19e4b-900b-4791-a1e9-6c8193417de8 | URL:/api/v1/auth/generate_otp
2025-08-31T12:03:49.216Z error: Error connecting database: SequelizeDatabaseError: syntax error at or near "UNIQUE" 
2025-08-31T12:05:55.969Z error: Error connecting database: SequelizeDatabaseError: syntax error at or near "UNIQUE" 
2025-08-31T12:06:45.539Z error: Error connecting database: SequelizeDatabaseError: syntax error at or near "UNIQUE" 
2025-09-01T12:38:31.702Z error: Error connecting database: SequelizeDatabaseError: syntax error at or near "UNIQUE" 
2025-09-01T12:39:43.436Z error: Error connecting database: SequelizeDatabaseError: syntax error at or near "UNIQUE" 
2025-09-01T12:53:24.337Z error: Error connecting database: SequelizeDatabaseError: syntax error at or near "UNIQUE" 
2025-09-01T12:53:58.674Z error: Error connecting database: SequelizeDatabaseError: syntax error at or near "UNIQUE" 
2025-09-01T12:54:39.471Z error: Error connecting database: SequelizeDatabaseError: syntax error at or near "UNIQUE" 
2025-09-01T12:55:00.466Z error: Error connecting database: SequelizeDatabaseError: syntax error at or near "UNIQUE" 
2025-09-01T12:56:04.352Z error: Error connecting database: SequelizeDatabaseError: syntax error at or near "UNIQUE" 
2025-09-01T12:56:12.871Z error: Error connecting database: SequelizeDatabaseError: syntax error at or near "UNIQUE" 
2025-09-01T12:56:24.531Z error: Error connecting database: SequelizeDatabaseError: syntax error at or near "UNIQUE" 
2025-09-01T12:56:41.873Z error: Error connecting database: SequelizeDatabaseError: syntax error at or near "UNIQUE" 
2025-09-01T12:59:11.808Z error: Error connecting database: SequelizeDatabaseError: syntax error at or near "UNIQUE" 
2025-09-01T12:59:17.885Z error: Error connecting database: SequelizeDatabaseError: syntax error at or near "UNIQUE" 
2025-09-01T13:00:07.140Z error: Invalid request parameters | Req-ID:8516306e-afd1-47b6-adec-933b7fe44a5a | URL:/api/v1/auth/verify-otp
2025-09-01T13:00:32.437Z error: Invalid request parameters | Req-ID:4898ef78-a90a-48cf-b804-91079b17d1df | URL:/api/v1/auth/verify-otp
2025-09-01T13:00:45.028Z error: Invalid request parameters | Req-ID:a8cd6d3b-83b6-4305-9f11-92036d55725c | URL:/api/v1/auth/verify-otp
2025-09-01T13:01:01.310Z error: Database Error: SequelizeDatabaseError: column Auth.otpExpiresAt does not exist
2025-09-01T13:01:32.323Z error: Error connecting database: SequelizeDatabaseError: syntax error at or near "UNIQUE" 
2025-09-01T13:01:35.428Z error: Error connecting database: SequelizeDatabaseError: syntax error at or near "UNIQUE" 
2025-09-02T04:37:57.858Z error: Error connecting database: SequelizeConnectionRefusedError 
2025-09-02T04:38:11.326Z error: KafkaJSNonRetriableError
  Caused by: KafkaJSConnectionError: Connection error: 
    at Socket.onError (/Users/ankitchawda/Desktop/NGTS/wizplay-monorepo/node_modules/.pnpm/kafkajs@2.2.4/node_modules/kafkajs/src/network/connection.js:210:23)
    at Socket.emit (node:events:507:28)
    at emitErrorNT (node:internal/streams/destroy:170:8)
    at emitErrorCloseNT (node:internal/streams/destroy:129:3)
    at processTicksAndRejections (node:internal/process/task_queues:90:21)
2025-09-02T04:41:03.390Z error: Error connecting database: SequelizeDatabaseError: syntax error at or near "UNIQUE" 
2025-09-02T04:41:09.571Z error: Error connecting database: SequelizeDatabaseError: syntax error at or near "UNIQUE" 
2025-09-02T04:48:39.140Z error: Error: read ETIMEDOUT
    at TCP.onStreamRead (node:internal/stream_base_commons:216:20)
2025-09-02T04:48:42.123Z error: Error: getaddrinfo ENOTFOUND redis-11570.c212.ap-south-1-1.ec2.redns.redis-cloud.com
    at GetAddrInfoReqWrap.onlookupall [as oncomplete] (node:dns:122:26)
2025-09-02T04:48:42.205Z error: Error: getaddrinfo ENOTFOUND redis-11570.c212.ap-south-1-1.ec2.redns.redis-cloud.com
    at GetAddrInfoReqWrap.onlookupall [as oncomplete] (node:dns:122:26)
2025-09-02T04:48:42.374Z error: Error: getaddrinfo ENOTFOUND redis-11570.c212.ap-south-1-1.ec2.redns.redis-cloud.com
    at GetAddrInfoReqWrap.onlookupall [as oncomplete] (node:dns:122:26)
2025-09-02T04:48:42.732Z error: Error: getaddrinfo ENOTFOUND redis-11570.c212.ap-south-1-1.ec2.redns.redis-cloud.com
    at GetAddrInfoReqWrap.onlookupall [as oncomplete] (node:dns:122:26)
2025-09-02T04:48:43.271Z error: Error: getaddrinfo ENOTFOUND redis-11570.c212.ap-south-1-1.ec2.redns.redis-cloud.com
    at GetAddrInfoReqWrap.onlookupall [as oncomplete] (node:dns:122:26)
2025-09-02T04:48:44.240Z error: Error: getaddrinfo ENOTFOUND redis-11570.c212.ap-south-1-1.ec2.redns.redis-cloud.com
    at GetAddrInfoReqWrap.onlookupall [as oncomplete] (node:dns:122:26)
2025-09-02T04:48:45.992Z error: Error: getaddrinfo ENOTFOUND redis-11570.c212.ap-south-1-1.ec2.redns.redis-cloud.com
    at GetAddrInfoReqWrap.onlookupall [as oncomplete] (node:dns:122:26)
2025-09-02T04:48:48.111Z error: Error: getaddrinfo ENOTFOUND redis-11570.c212.ap-south-1-1.ec2.redns.redis-cloud.com
    at GetAddrInfoReqWrap.onlookupall [as oncomplete] (node:dns:122:26)
2025-09-02T04:48:50.197Z error: Error: getaddrinfo ENOTFOUND redis-11570.c212.ap-south-1-1.ec2.redns.redis-cloud.com
    at GetAddrInfoReqWrap.onlookupall [as oncomplete] (node:dns:122:26)
2025-09-02T04:48:52.222Z error: Error: getaddrinfo ENOTFOUND redis-11570.c212.ap-south-1-1.ec2.redns.redis-cloud.com
    at GetAddrInfoReqWrap.onlookupall [as oncomplete] (node:dns:122:26)
2025-09-02T04:48:54.277Z error: Error: getaddrinfo ENOTFOUND redis-11570.c212.ap-south-1-1.ec2.redns.redis-cloud.com
    at GetAddrInfoReqWrap.onlookupall [as oncomplete] (node:dns:122:26)
2025-09-02T04:53:49.861Z error: Error connecting database: SequelizeDatabaseError: syntax error at or near "UNIQUE" 
2025-09-02T04:56:43.261Z error: Error connecting database: SequelizeDatabaseError: syntax error at or near "UNIQUE" 
2025-09-02T04:56:49.716Z error: Error connecting database: SequelizeDatabaseError: syntax error at or near "UNIQUE" 
2025-09-02T05:04:47.294Z error: Error connecting database: SequelizeDatabaseError: syntax error at or near "UNIQUE" 
2025-09-02T05:12:14.558Z error: Error connecting database: SequelizeDatabaseError: syntax error at or near "UNIQUE" 
2025-09-02T05:12:15.376Z error: Error connecting database: SequelizeDatabaseError: syntax error at or near "UNIQUE" 
2025-09-02T05:45:45.187Z error: Error connecting database: SequelizeConnectionRefusedError 
2025-09-02T05:45:45.986Z error: Error connecting database: SequelizeConnectionRefusedError 
2025-09-02T05:46:57.960Z error: Error: read ETIMEDOUT
    at TCP.onStreamRead (node:internal/stream_base_commons:216:20)
2025-09-02T05:46:57.966Z error: Error: getaddrinfo ENOTFOUND redis-11570.c212.ap-south-1-1.ec2.redns.redis-cloud.com
    at GetAddrInfoReqWrap.onlookupall [as oncomplete] (node:dns:122:26)
2025-09-02T05:46:58.124Z error: Error: getaddrinfo ENOTFOUND redis-11570.c212.ap-south-1-1.ec2.redns.redis-cloud.com
    at GetAddrInfoReqWrap.onlookupall [as oncomplete] (node:dns:122:26)
2025-09-02T05:46:58.314Z error: Error: getaddrinfo ENOTFOUND redis-11570.c212.ap-south-1-1.ec2.redns.redis-cloud.com
    at GetAddrInfoReqWrap.onlookupall [as oncomplete] (node:dns:122:26)
2025-09-02T05:46:58.631Z error: Error: getaddrinfo ENOTFOUND redis-11570.c212.ap-south-1-1.ec2.redns.redis-cloud.com
    at GetAddrInfoReqWrap.onlookupall [as oncomplete] (node:dns:122:26)
2025-09-02T05:46:59.164Z error: Error: getaddrinfo ENOTFOUND redis-11570.c212.ap-south-1-1.ec2.redns.redis-cloud.com
    at GetAddrInfoReqWrap.onlookupall [as oncomplete] (node:dns:122:26)
2025-09-02T05:46:59.968Z error: Error: getaddrinfo ENOTFOUND redis-11570.c212.ap-south-1-1.ec2.redns.redis-cloud.com
    at GetAddrInfoReqWrap.onlookupall [as oncomplete] (node:dns:122:26)
2025-09-02T05:47:01.623Z error: Error: getaddrinfo ENOTFOUND redis-11570.c212.ap-south-1-1.ec2.redns.redis-cloud.com
    at GetAddrInfoReqWrap.onlookupall [as oncomplete] (node:dns:122:26)
2025-09-02T05:50:39.272Z error: Error connecting database: SequelizeDatabaseError: syntax error at or near "UNIQUE" 
2025-09-02T05:51:44.377Z error: Error connecting database: SequelizeConnectionRefusedError 
2025-09-02T05:52:03.560Z error: KafkaJSNonRetriableError
  Caused by: KafkaJSConnectionError: Connection error: 
    at Socket.onError (/Users/ankitchawda/Desktop/NGTS/wizplay-monorepo/node_modules/.pnpm/kafkajs@2.2.4/node_modules/kafkajs/src/network/connection.js:210:23)
    at Socket.emit (node:events:507:28)
    at emitErrorNT (node:internal/streams/destroy:170:8)
    at emitErrorCloseNT (node:internal/streams/destroy:129:3)
    at processTicksAndRejections (node:internal/process/task_queues:90:21)
2025-09-02T07:59:26.661Z error: Error: read ETIMEDOUT
    at TCP.onStreamRead (node:internal/stream_base_commons:216:20)
2025-09-02T07:59:54.375Z error: Error: read ETIMEDOUT
    at TLSWrap.onStreamRead (node:internal/stream_base_commons:216:20)
